#
# There is insufficient memory for the Java Runtime Environment to continue.
# Native memory allocation (malloc) failed to allocate 267696 bytes for Chunk::new
# Possible reasons:
#   The system is out of physical RAM or swap space
#   The process is running with CompressedOops enabled, and the Java Heap may be blocking the growth of the native heap
# Possible solutions:
#   Reduce memory load on the system
#   Increase physical memory or swap space
#   Check if swap backing store is full
#   Decrease Java heap size (-Xmx/-Xms)
#   Decrease number of Java threads
#   Decrease Java thread stack sizes (-Xss)
#   Set larger code cache with -XX:ReservedCodeCacheSize=
#   JVM is running with Unscaled Compressed Oops mode in which the Java heap is
#     placed in the first 4GB address space. The Java Heap base address is the
#     maximum limit for the native heap growth. Please use -XX:HeapBaseMinAddress
#     to set the Java Heap base and to place the Java Heap above 4GB virtual address.
# This output file may be truncated or incomplete.
#
#  Out of Memory Error (arena.cpp:166), pid=12164, tid=10536
#
# JRE version: OpenJDK Runtime Environment Corretto-21.0.0.35.1 (21.0+35) (build 21+35-LTS)
# Java VM: OpenJDK 64-Bit Server VM Corretto-21.0.0.35.1 (21+35-LTS, mixed mode, sharing, tiered, compressed oops, compressed class ptrs, g1 gc, windows-amd64)
# No core dump will be written. Minidumps are not enabled by default on client versions of Windows
#

---------------  S U M M A R Y ------------

Command Line: --add-opens=java.base/java.util=ALL-UNNAMED --add-opens=java.base/java.lang=ALL-UNNAMED --add-opens=java.base/java.lang.invoke=ALL-UNNAMED --add-opens=java.prefs/java.util.prefs=ALL-UNNAMED --add-opens=java.base/java.nio.charset=ALL-UNNAMED --add-opens=java.base/java.net=ALL-UNNAMED --add-opens=java.base/java.util.concurrent.atomic=ALL-UNNAMED -XX:MaxMetaspaceSize=384m -XX:+HeapDumpOnOutOfMemoryError -Xms256m -Xmx512m -Dfile.encoding=windows-1252 -Duser.country=US -Duser.language=en -Duser.variant -javaagent:C:\Users\DELL\.gradle\wrapper\dists\gradle-8.2-bin\bbg7u40eoinfdyxsxr3z4i7ta\gradle-8.2\lib\agents\gradle-instrumentation-agent-8.2.jar org.gradle.launcher.daemon.bootstrap.GradleDaemon 8.2

Host: Intel(R) Core(TM) i5-5300U CPU @ 2.30GHz, 4 cores, 7G,  Windows 10 , 64 bit Build 19041 (10.0.19041.1889)
Time: Fri Dec  1 16:28:54 2023 SE Asia Standard Time elapsed time: 2871.929881 seconds (0d 0h 47m 51s)

---------------  T H R E A D  ---------------

Current thread (0x00000277ed32b8d0):  JavaThread "C2 CompilerThread0" daemon [_thread_in_native, id=10536, stack(0x0000009dcab00000,0x0000009dcac00000) (1024K)]


Current CompileTask:
C2:2871930 12249       4       java.text.DecimalFormat::subformatNumber (1173 bytes)

Stack: [0x0000009dcab00000,0x0000009dcac00000]
Native frames: (J=compiled Java code, j=interpreted, Vv=VM code, C=native code)
V  [jvm.dll+0x6d2ba9]
V  [jvm.dll+0x8adb43]
V  [jvm.dll+0x8afdbe]
V  [jvm.dll+0x8b0493]
V  [jvm.dll+0x284a56]
V  [jvm.dll+0xc5f6d]
V  [jvm.dll+0xc6483]
V  [jvm.dll+0x3bba31]
V  [jvm.dll+0x388397]
V  [jvm.dll+0x38780a]
V  [jvm.dll+0x24d032]
V  [jvm.dll+0x24c601]
V  [jvm.dll+0x1cc0f1]
V  [jvm.dll+0x25bbc9]
V  [jvm.dll+0x25a1bb]
V  [jvm.dll+0x3f5a66]
V  [jvm.dll+0x8568d8]
V  [jvm.dll+0x6d13ed]
C  [ucrtbase.dll+0x21bb2]
C  [KERNEL32.DLL+0x17034]
C  [ntdll.dll+0x526a1]


---------------  P R O C E S S  ---------------

Threads class SMR info:
_java_thread_list=0x00000277f47768e0, length=40, elements={
0x00000277d2d63b50, 0x00000277ed323c60, 0x00000277ed324d30, 0x00000277ed327c10,
0x00000277ed329680, 0x00000277ed32a0e0, 0x00000277ed32ab40, 0x00000277ed32b8d0,
0x00000277ed32d380, 0x00000277ed2ea400, 0x00000277ed692350, 0x00000277f3164ad0,
0x00000277f3236d70, 0x00000277f347b8b0, 0x00000277f3755f40, 0x00000277f3753e70,
0x00000277f3755220, 0x00000277f37558b0, 0x00000277f3754500, 0x00000277f5256f10,
0x00000277f5253400, 0x00000277f5259d00, 0x00000277f5258fe0, 0x00000277f52561f0,
0x00000277f5257c30, 0x00000277f5253a90, 0x00000277f694b7c0, 0x00000277f5254120,
0x00000277f5256880, 0x00000277f501c040, 0x00000277f501c6d0, 0x00000277f6949d80,
0x00000277f694a410, 0x00000277f694cb70, 0x00000277f69496f0, 0x00000277f694be50,
0x00000277f694b130, 0x00000277f694c4e0, 0x00000277f694aaa0, 0x00000277f501fb50
}

Java Threads: ( => current thread )
  0x00000277d2d63b50 JavaThread "main"                              [_thread_blocked, id=9656, stack(0x0000009dc9c00000,0x0000009dc9d00000) (1024K)]
  0x00000277ed323c60 JavaThread "Reference Handler"          daemon [_thread_blocked, id=4060, stack(0x0000009dca500000,0x0000009dca600000) (1024K)]
  0x00000277ed324d30 JavaThread "Finalizer"                  daemon [_thread_blocked, id=236, stack(0x0000009dca600000,0x0000009dca700000) (1024K)]
  0x00000277ed327c10 JavaThread "Signal Dispatcher"          daemon [_thread_blocked, id=2936, stack(0x0000009dca700000,0x0000009dca800000) (1024K)]
  0x00000277ed329680 JavaThread "Attach Listener"            daemon [_thread_blocked, id=10116, stack(0x0000009dca800000,0x0000009dca900000) (1024K)]
  0x00000277ed32a0e0 JavaThread "Service Thread"             daemon [_thread_blocked, id=7316, stack(0x0000009dca900000,0x0000009dcaa00000) (1024K)]
  0x00000277ed32ab40 JavaThread "Monitor Deflation Thread"   daemon [_thread_blocked, id=9572, stack(0x0000009dcaa00000,0x0000009dcab00000) (1024K)]
=>0x00000277ed32b8d0 JavaThread "C2 CompilerThread0"         daemon [_thread_in_native, id=10536, stack(0x0000009dcab00000,0x0000009dcac00000) (1024K)]
  0x00000277ed32d380 JavaThread "C1 CompilerThread0"         daemon [_thread_in_vm, id=1328, stack(0x0000009dcac00000,0x0000009dcad00000) (1024K)]
  0x00000277ed2ea400 JavaThread "Common-Cleaner"             daemon [_thread_blocked, id=4300, stack(0x0000009dcad00000,0x0000009dcae00000) (1024K)]
  0x00000277ed692350 JavaThread "Notification Thread"        daemon [_thread_blocked, id=5936, stack(0x0000009dcae00000,0x0000009dcaf00000) (1024K)]
  0x00000277f3164ad0 JavaThread "Daemon health stats"               [_thread_blocked, id=8504, stack(0x0000009dcb300000,0x0000009dcb400000) (1024K)]
  0x00000277f3236d70 JavaThread "Incoming local TCP Connector on port 52797"        [_thread_in_native, id=13268, stack(0x0000009dcb400000,0x0000009dcb500000) (1024K)]
  0x00000277f347b8b0 JavaThread "Daemon periodic checks"            [_thread_blocked, id=14288, stack(0x0000009dcb500000,0x0000009dcb600000) (1024K)]
  0x00000277f3755f40 JavaThread "Cache worker for journal cache (C:\Users\DELL\.gradle\caches\journal-1)"        [_thread_blocked, id=7900, stack(0x0000009dcaf00000,0x0000009dcb000000) (1024K)]
  0x00000277f3753e70 JavaThread "File lock request listener"        [_thread_in_native, id=5420, stack(0x0000009dcbd00000,0x0000009dcbe00000) (1024K)]
  0x00000277f3755220 JavaThread "Cache worker for file hash cache (C:\Users\DELL\.gradle\caches\8.2\fileHashes)"        [_thread_blocked, id=13068, stack(0x0000009dcbf00000,0x0000009dcc000000) (1024K)]
  0x00000277f37558b0 JavaThread "File watcher server"        daemon [_thread_in_native, id=10744, stack(0x0000009dcc000000,0x0000009dcc100000) (1024K)]
  0x00000277f3754500 JavaThread "File watcher consumer"      daemon [_thread_blocked, id=5932, stack(0x0000009dcc100000,0x0000009dcc200000) (1024K)]
  0x00000277f5256f10 JavaThread "Cache worker for file content cache (C:\Users\DELL\.gradle\caches\8.2\fileContent)"        [_thread_blocked, id=8076, stack(0x0000009dcc400000,0x0000009dcc500000) (1024K)]
  0x00000277f5253400 JavaThread "Cache worker for execution history cache (C:\Users\DELL\.gradle\caches\8.2\executionHistory)"        [_thread_blocked, id=2708, stack(0x0000009dcc700000,0x0000009dcc800000) (1024K)]
  0x00000277f5259d00 JavaThread "jar transforms"                    [_thread_blocked, id=5336, stack(0x0000009dcbe00000,0x0000009dcbf00000) (1024K)]
  0x00000277f5258fe0 JavaThread "jar transforms Thread 2"           [_thread_blocked, id=11464, stack(0x0000009dcc800000,0x0000009dcc900000) (1024K)]
  0x00000277f52561f0 JavaThread "jar transforms Thread 3"           [_thread_blocked, id=10636, stack(0x0000009dcca00000,0x0000009dccb00000) (1024K)]
  0x00000277f5257c30 JavaThread "jar transforms Thread 4"           [_thread_blocked, id=9804, stack(0x0000009dccb00000,0x0000009dccc00000) (1024K)]
  0x00000277f5253a90 JavaThread "Memory manager"                    [_thread_blocked, id=10372, stack(0x0000009dcce00000,0x0000009dccf00000) (1024K)]
  0x00000277f694b7c0 JavaThread "Cache worker for Java compile cache (C:\Users\DELL\.gradle\caches\8.2\javaCompile)"        [_thread_blocked, id=11560, stack(0x0000009dcd600000,0x0000009dcd700000) (1024K)]
  0x00000277f5254120 JavaThread "Daemon Thread 6"                   [_thread_blocked, id=6808, stack(0x0000009dc9b00000,0x0000009dc9c00000) (1024K)]
  0x00000277f5256880 JavaThread "Daemon worker Thread 5"            [_thread_in_native, id=1364, stack(0x0000009dcb700000,0x0000009dcb800000) (1024K)]
  0x00000277f501c040 JavaThread "included builds"                   [_thread_blocked, id=11304, stack(0x0000009dcc900000,0x0000009dcca00000) (1024K)]
  0x00000277f501c6d0 JavaThread "included builds"                   [_thread_blocked, id=5516, stack(0x0000009dccc00000,0x0000009dccd00000) (1024K)]
  0x00000277f6949d80 JavaThread "Handler for socket connection from /127.0.0.1:52797 to /127.0.0.1:53386"        [_thread_in_native, id=4916, stack(0x0000009dc9d00000,0x0000009dc9e00000) (1024K)]
  0x00000277f694a410 JavaThread "Cancel handler"                    [_thread_blocked, id=10216, stack(0x0000009dcb600000,0x0000009dcb700000) (1024K)]
  0x00000277f694cb70 JavaThread "Asynchronous log dispatcher for DefaultDaemonConnection: socket connection from /127.0.0.1:52797 to /127.0.0.1:53386"        [_thread_blocked, id=11356, stack(0x0000009dcb800000,0x0000009dcb900000) (1024K)]
  0x00000277f69496f0 JavaThread "Stdin handler"                     [_thread_blocked, id=2312, stack(0x0000009dcb900000,0x0000009dcba00000) (1024K)]
  0x00000277f694be50 JavaThread "Daemon client event forwarder"        [_thread_in_native, id=1712, stack(0x0000009dcba00000,0x0000009dcbb00000) (1024K)]
  0x00000277f694b130 JavaThread "Cache worker for checksums cache (D:\MD4-JAVA-DATABASE\SS12-SpringMVC\SS12-CRUD\.gradle\8.2\checksums)"        [_thread_blocked, id=7192, stack(0x0000009dcbb00000,0x0000009dcbc00000) (1024K)]
  0x00000277f694c4e0 JavaThread "Cache worker for cache directory md-rule (C:\Users\DELL\.gradle\caches\8.2\md-rule)"        [_thread_blocked, id=9456, stack(0x0000009dcbc00000,0x0000009dcbd00000) (1024K)]
  0x00000277f694aaa0 JavaThread "Cache worker for file hash cache (D:\MD4-JAVA-DATABASE\SS12-SpringMVC\SS12-CRUD\.gradle\8.2\fileHashes)"        [_thread_blocked, id=3444, stack(0x0000009dcc200000,0x0000009dcc300000) (1024K)]
  0x00000277f501fb50 JavaThread "Cache worker for cache directory md-supplier (C:\Users\DELL\.gradle\caches\8.2\md-supplier)"        [_thread_blocked, id=10248, stack(0x0000009dcc300000,0x0000009dcc400000) (1024K)]
Total: 40

Other Threads:
  0x00000277ed303620 VMThread "VM Thread"                           [id=2204, stack(0x0000009dca400000,0x0000009dca500000) (1024K)]
  0x00000277ed2e9140 WatcherThread "VM Periodic Task Thread"        [id=10632, stack(0x0000009dca300000,0x0000009dca400000) (1024K)]
  0x00000277d2d8f610 WorkerThread "GC Thread#0"                     [id=9196, stack(0x0000009dc9e00000,0x0000009dc9f00000) (1024K)]
  0x00000277ed79b4e0 WorkerThread "GC Thread#1"                     [id=1268, stack(0x0000009dcb000000,0x0000009dcb100000) (1024K)]
  0x00000277ed7d0a80 WorkerThread "GC Thread#2"                     [id=7844, stack(0x0000009dcb100000,0x0000009dcb200000) (1024K)]
  0x00000277ed7d0e20 WorkerThread "GC Thread#3"                     [id=12968, stack(0x0000009dcb200000,0x0000009dcb300000) (1024K)]
  0x00000277d2d94500 ConcurrentGCThread "G1 Main Marker"            [id=13240, stack(0x0000009dc9f00000,0x0000009dca000000) (1024K)]
  0x00000277d2d950c0 WorkerThread "G1 Conc#0"                       [id=6044, stack(0x0000009dca000000,0x0000009dca100000) (1024K)]
  0x00000277d2e3e6e0 ConcurrentGCThread "G1 Refine#0"               [id=14308, stack(0x0000009dca100000,0x0000009dca200000) (1024K)]
  0x00000277ed1be520 ConcurrentGCThread "G1 Service"                [id=11276, stack(0x0000009dca200000,0x0000009dca300000) (1024K)]
Total: 10

Threads with active compile tasks:
C2 CompilerThread0  2871983 12249       4       java.text.DecimalFormat::subformatNumber (1173 bytes)
Total: 1

VM state: not at safepoint (normal execution)

VM Mutex/Monitor currently owned by a thread: None

Heap address: 0x00000000e0000000, size: 512 MB, Compressed Oops mode: 32-bit

CDS archive(s) mapped at: [0x0000027780000000-0x0000027780c90000-0x0000027780c90000), size 13172736, SharedBaseAddress: 0x0000027780000000, ArchiveRelocationMode: 1.
Compressed class space mapped at: 0x0000027781000000-0x0000027795000000, reserved size: 335544320
Narrow klass base: 0x0000027780000000, Narrow klass shift: 0, Narrow klass range: 0x100000000

GC Precious Log:
 CardTable entry size: 512
 Card Set container configuration: InlinePtr #cards 5 size 8 Array Of Cards #cards 12 size 40 Howl #buckets 4 coarsen threshold 1843 Howl Bitmap #cards 512 size 80 coarsen threshold 460 Card regions per heap region 1 cards per card region 2048
 CPUs: 4 total, 4 available
 Memory: 8071M
 Large Page Support: Disabled
 NUMA Support: Disabled
 Compressed Oops: Enabled (32-bit)
 Heap Region Size: 1M
 Heap Min Capacity: 256M
 Heap Initial Capacity: 256M
 Heap Max Capacity: 512M
 Pre-touch: Disabled
 Parallel Workers: 4
 Concurrent Workers: 1
 Concurrent Refinement Workers: 4
 Periodic GC: Disabled

Heap:
 garbage-first heap   total 262144K, used 189195K [0x00000000e0000000, 0x0000000100000000)
  region size 1024K, 147 young (150528K), 16 survivors (16384K)
 Metaspace       used 66696K, committed 68608K, reserved 393216K
  class space    used 9199K, committed 10176K, reserved 327680K

Heap Regions: E=young(eden), S=young(survivor), O=old, HS=humongous(starts), HC=humongous(continues), CS=collection set, F=free, TAMS=top-at-mark-start, PB=parsable bottom
|   0|0x00000000e0000000, 0x00000000e0100000, 0x00000000e0100000|100%| O|  |TAMS 0x00000000e0000000| PB 0x00000000e0000000| Untracked 
|   1|0x00000000e0100000, 0x00000000e0200000, 0x00000000e0200000|100%| O|  |TAMS 0x00000000e0100000| PB 0x00000000e0100000| Untracked 
|   2|0x00000000e0200000, 0x00000000e0300000, 0x00000000e0300000|100%|HS|  |TAMS 0x00000000e0200000| PB 0x00000000e0200000| Complete 
|   3|0x00000000e0300000, 0x00000000e0400000, 0x00000000e0400000|100%|HC|  |TAMS 0x00000000e0300000| PB 0x00000000e0300000| Complete 
|   4|0x00000000e0400000, 0x00000000e0500000, 0x00000000e0500000|100%|HC|  |TAMS 0x00000000e0400000| PB 0x00000000e0400000| Complete 
|   5|0x00000000e0500000, 0x00000000e0600000, 0x00000000e0600000|100%|HC|  |TAMS 0x00000000e0500000| PB 0x00000000e0500000| Complete 
|   6|0x00000000e0600000, 0x00000000e0700000, 0x00000000e0700000|100%| O|  |TAMS 0x00000000e0600000| PB 0x00000000e0600000| Untracked 
|   7|0x00000000e0700000, 0x00000000e0800000, 0x00000000e0800000|100%| O|  |TAMS 0x00000000e0700000| PB 0x00000000e0700000| Untracked 
|   8|0x00000000e0800000, 0x00000000e0900000, 0x00000000e0900000|100%| O|  |TAMS 0x00000000e0800000| PB 0x00000000e0800000| Untracked 
|   9|0x00000000e0900000, 0x00000000e0a00000, 0x00000000e0a00000|100%| O|  |TAMS 0x00000000e0900000| PB 0x00000000e0900000| Untracked 
|  10|0x00000000e0a00000, 0x00000000e0b00000, 0x00000000e0b00000|100%| O|  |TAMS 0x00000000e0a00000| PB 0x00000000e0a00000| Untracked 
|  11|0x00000000e0b00000, 0x00000000e0c00000, 0x00000000e0c00000|100%| O|  |TAMS 0x00000000e0b00000| PB 0x00000000e0b00000| Untracked 
|  12|0x00000000e0c00000, 0x00000000e0c00000, 0x00000000e0d00000|  0%| F|  |TAMS 0x00000000e0c00000| PB 0x00000000e0c00000| Untracked 
|  13|0x00000000e0d00000, 0x00000000e0e00000, 0x00000000e0e00000|100%| O|  |TAMS 0x00000000e0d00000| PB 0x00000000e0d00000| Untracked 
|  14|0x00000000e0e00000, 0x00000000e0f00000, 0x00000000e0f00000|100%| O|  |TAMS 0x00000000e0e00000| PB 0x00000000e0e00000| Untracked 
|  15|0x00000000e0f00000, 0x00000000e1000000, 0x00000000e1000000|100%| O|  |TAMS 0x00000000e0f00000| PB 0x00000000e0f00000| Untracked 
|  16|0x00000000e1000000, 0x00000000e1100000, 0x00000000e1100000|100%| O|  |TAMS 0x00000000e1000000| PB 0x00000000e1000000| Untracked 
|  17|0x00000000e1100000, 0x00000000e1200000, 0x00000000e1200000|100%| O|  |TAMS 0x00000000e1100000| PB 0x00000000e1100000| Untracked 
|  18|0x00000000e1200000, 0x00000000e1300000, 0x00000000e1300000|100%| O|  |TAMS 0x00000000e1200000| PB 0x00000000e1200000| Untracked 
|  19|0x00000000e1300000, 0x00000000e1400000, 0x00000000e1400000|100%| O|  |TAMS 0x00000000e1300000| PB 0x00000000e1300000| Untracked 
|  20|0x00000000e1400000, 0x00000000e1500000, 0x00000000e1500000|100%| O|  |TAMS 0x00000000e1400000| PB 0x00000000e1400000| Untracked 
|  21|0x00000000e1500000, 0x00000000e1600000, 0x00000000e1600000|100%| O|  |TAMS 0x00000000e1500000| PB 0x00000000e1500000| Untracked 
|  22|0x00000000e1600000, 0x00000000e1700000, 0x00000000e1700000|100%| O|  |TAMS 0x00000000e1600000| PB 0x00000000e1600000| Untracked 
|  23|0x00000000e1700000, 0x00000000e1800000, 0x00000000e1800000|100%| O|  |TAMS 0x00000000e1700000| PB 0x00000000e1700000| Untracked 
|  24|0x00000000e1800000, 0x00000000e1900000, 0x00000000e1900000|100%| O|  |TAMS 0x00000000e1800000| PB 0x00000000e1800000| Untracked 
|  25|0x00000000e1900000, 0x00000000e1a00000, 0x00000000e1a00000|100%| O|  |TAMS 0x00000000e1900000| PB 0x00000000e1900000| Untracked 
|  26|0x00000000e1a00000, 0x00000000e1b00000, 0x00000000e1b00000|100%| O|  |TAMS 0x00000000e1a00000| PB 0x00000000e1a00000| Untracked 
|  27|0x00000000e1b00000, 0x00000000e1c00000, 0x00000000e1c00000|100%| O|  |TAMS 0x00000000e1b00000| PB 0x00000000e1b00000| Untracked 
|  28|0x00000000e1c00000, 0x00000000e1d00000, 0x00000000e1d00000|100%| O|  |TAMS 0x00000000e1c00000| PB 0x00000000e1c00000| Untracked 
|  29|0x00000000e1d00000, 0x00000000e1e00000, 0x00000000e1e00000|100%| O|  |TAMS 0x00000000e1d00000| PB 0x00000000e1d00000| Untracked 
|  30|0x00000000e1e00000, 0x00000000e1f00000, 0x00000000e1f00000|100%| O|  |TAMS 0x00000000e1e00000| PB 0x00000000e1e00000| Untracked 
|  31|0x00000000e1f00000, 0x00000000e2000000, 0x00000000e2000000|100%| O|  |TAMS 0x00000000e1f00000| PB 0x00000000e1f00000| Untracked 
|  32|0x00000000e2000000, 0x00000000e2100000, 0x00000000e2100000|100%| O|  |TAMS 0x00000000e2000000| PB 0x00000000e2000000| Untracked 
|  33|0x00000000e2100000, 0x00000000e2200000, 0x00000000e2200000|100%| O|  |TAMS 0x00000000e2100000| PB 0x00000000e2100000| Untracked 
|  34|0x00000000e2200000, 0x00000000e2300000, 0x00000000e2300000|100%| O|  |TAMS 0x00000000e2200000| PB 0x00000000e2200000| Untracked 
|  35|0x00000000e2300000, 0x00000000e2400000, 0x00000000e2400000|100%| O|Cm|TAMS 0x00000000e2300000| PB 0x00000000e2300000| Complete 
|  36|0x00000000e2400000, 0x00000000e2500000, 0x00000000e2500000|100%| O|  |TAMS 0x00000000e2400000| PB 0x00000000e2400000| Untracked 
|  37|0x00000000e2500000, 0x00000000e2600000, 0x00000000e2600000|100%| O|  |TAMS 0x00000000e2500000| PB 0x00000000e2500000| Untracked 
|  38|0x00000000e2600000, 0x00000000e2700000, 0x00000000e2700000|100%| O|  |TAMS 0x00000000e2600000| PB 0x00000000e2600000| Untracked 
|  39|0x00000000e2700000, 0x00000000e2800000, 0x00000000e2800000|100%| O|  |TAMS 0x00000000e2700000| PB 0x00000000e2700000| Untracked 
|  40|0x00000000e2800000, 0x00000000e2900000, 0x00000000e2900000|100%| O|  |TAMS 0x00000000e2800000| PB 0x00000000e2800000| Untracked 
|  41|0x00000000e2900000, 0x00000000e2959a80, 0x00000000e2a00000| 35%| O|  |TAMS 0x00000000e2900000| PB 0x00000000e2900000| Untracked 
|  42|0x00000000e2a00000, 0x00000000e2a00000, 0x00000000e2b00000|  0%| F|  |TAMS 0x00000000e2a00000| PB 0x00000000e2a00000| Untracked 
|  43|0x00000000e2b00000, 0x00000000e2b00000, 0x00000000e2c00000|  0%| F|  |TAMS 0x00000000e2b00000| PB 0x00000000e2b00000| Untracked 
|  44|0x00000000e2c00000, 0x00000000e2c00000, 0x00000000e2d00000|  0%| F|  |TAMS 0x00000000e2c00000| PB 0x00000000e2c00000| Untracked 
|  45|0x00000000e2d00000, 0x00000000e2d00000, 0x00000000e2e00000|  0%| F|  |TAMS 0x00000000e2d00000| PB 0x00000000e2d00000| Untracked 
|  46|0x00000000e2e00000, 0x00000000e2e00000, 0x00000000e2f00000|  0%| F|  |TAMS 0x00000000e2e00000| PB 0x00000000e2e00000| Untracked 
|  47|0x00000000e2f00000, 0x00000000e2f00000, 0x00000000e3000000|  0%| F|  |TAMS 0x00000000e2f00000| PB 0x00000000e2f00000| Untracked 
|  48|0x00000000e3000000, 0x00000000e3000000, 0x00000000e3100000|  0%| F|  |TAMS 0x00000000e3000000| PB 0x00000000e3000000| Untracked 
|  49|0x00000000e3100000, 0x00000000e3100000, 0x00000000e3200000|  0%| F|  |TAMS 0x00000000e3100000| PB 0x00000000e3100000| Untracked 
|  50|0x00000000e3200000, 0x00000000e3200000, 0x00000000e3300000|  0%| F|  |TAMS 0x00000000e3200000| PB 0x00000000e3200000| Untracked 
|  51|0x00000000e3300000, 0x00000000e3300000, 0x00000000e3400000|  0%| F|  |TAMS 0x00000000e3300000| PB 0x00000000e3300000| Untracked 
|  52|0x00000000e3400000, 0x00000000e3400000, 0x00000000e3500000|  0%| F|  |TAMS 0x00000000e3400000| PB 0x00000000e3400000| Untracked 
|  53|0x00000000e3500000, 0x00000000e3500000, 0x00000000e3600000|  0%| F|  |TAMS 0x00000000e3500000| PB 0x00000000e3500000| Untracked 
|  54|0x00000000e3600000, 0x00000000e3600000, 0x00000000e3700000|  0%| F|  |TAMS 0x00000000e3600000| PB 0x00000000e3600000| Untracked 
|  55|0x00000000e3700000, 0x00000000e3700000, 0x00000000e3800000|  0%| F|  |TAMS 0x00000000e3700000| PB 0x00000000e3700000| Untracked 
|  56|0x00000000e3800000, 0x00000000e3800000, 0x00000000e3900000|  0%| F|  |TAMS 0x00000000e3800000| PB 0x00000000e3800000| Untracked 
|  57|0x00000000e3900000, 0x00000000e3900000, 0x00000000e3a00000|  0%| F|  |TAMS 0x00000000e3900000| PB 0x00000000e3900000| Untracked 
|  58|0x00000000e3a00000, 0x00000000e3a00000, 0x00000000e3b00000|  0%| F|  |TAMS 0x00000000e3a00000| PB 0x00000000e3a00000| Untracked 
|  59|0x00000000e3b00000, 0x00000000e3b00000, 0x00000000e3c00000|  0%| F|  |TAMS 0x00000000e3b00000| PB 0x00000000e3b00000| Untracked 
|  60|0x00000000e3c00000, 0x00000000e3c00000, 0x00000000e3d00000|  0%| F|  |TAMS 0x00000000e3c00000| PB 0x00000000e3c00000| Untracked 
|  61|0x00000000e3d00000, 0x00000000e3d00000, 0x00000000e3e00000|  0%| F|  |TAMS 0x00000000e3d00000| PB 0x00000000e3d00000| Untracked 
|  62|0x00000000e3e00000, 0x00000000e3e00000, 0x00000000e3f00000|  0%| F|  |TAMS 0x00000000e3e00000| PB 0x00000000e3e00000| Untracked 
|  63|0x00000000e3f00000, 0x00000000e3f00000, 0x00000000e4000000|  0%| F|  |TAMS 0x00000000e3f00000| PB 0x00000000e3f00000| Untracked 
|  64|0x00000000e4000000, 0x00000000e4000000, 0x00000000e4100000|  0%| F|  |TAMS 0x00000000e4000000| PB 0x00000000e4000000| Untracked 
|  65|0x00000000e4100000, 0x00000000e4100000, 0x00000000e4200000|  0%| F|  |TAMS 0x00000000e4100000| PB 0x00000000e4100000| Untracked 
|  66|0x00000000e4200000, 0x00000000e4200000, 0x00000000e4300000|  0%| F|  |TAMS 0x00000000e4200000| PB 0x00000000e4200000| Untracked 
|  67|0x00000000e4300000, 0x00000000e4300000, 0x00000000e4400000|  0%| F|  |TAMS 0x00000000e4300000| PB 0x00000000e4300000| Untracked 
|  68|0x00000000e4400000, 0x00000000e4400000, 0x00000000e4500000|  0%| F|  |TAMS 0x00000000e4400000| PB 0x00000000e4400000| Untracked 
|  69|0x00000000e4500000, 0x00000000e4500000, 0x00000000e4600000|  0%| F|  |TAMS 0x00000000e4500000| PB 0x00000000e4500000| Untracked 
|  70|0x00000000e4600000, 0x00000000e4600000, 0x00000000e4700000|  0%| F|  |TAMS 0x00000000e4600000| PB 0x00000000e4600000| Untracked 
|  71|0x00000000e4700000, 0x00000000e4700000, 0x00000000e4800000|  0%| F|  |TAMS 0x00000000e4700000| PB 0x00000000e4700000| Untracked 
|  72|0x00000000e4800000, 0x00000000e4800000, 0x00000000e4900000|  0%| F|  |TAMS 0x00000000e4800000| PB 0x00000000e4800000| Untracked 
|  73|0x00000000e4900000, 0x00000000e4900000, 0x00000000e4a00000|  0%| F|  |TAMS 0x00000000e4900000| PB 0x00000000e4900000| Untracked 
|  74|0x00000000e4a00000, 0x00000000e4a00000, 0x00000000e4b00000|  0%| F|  |TAMS 0x00000000e4a00000| PB 0x00000000e4a00000| Untracked 
|  75|0x00000000e4b00000, 0x00000000e4b00000, 0x00000000e4c00000|  0%| F|  |TAMS 0x00000000e4b00000| PB 0x00000000e4b00000| Untracked 
|  76|0x00000000e4c00000, 0x00000000e4c00000, 0x00000000e4d00000|  0%| F|  |TAMS 0x00000000e4c00000| PB 0x00000000e4c00000| Untracked 
|  77|0x00000000e4d00000, 0x00000000e4d00000, 0x00000000e4e00000|  0%| F|  |TAMS 0x00000000e4d00000| PB 0x00000000e4d00000| Untracked 
|  78|0x00000000e4e00000, 0x00000000e4e00000, 0x00000000e4f00000|  0%| F|  |TAMS 0x00000000e4e00000| PB 0x00000000e4e00000| Untracked 
|  79|0x00000000e4f00000, 0x00000000e4f00000, 0x00000000e5000000|  0%| F|  |TAMS 0x00000000e4f00000| PB 0x00000000e4f00000| Untracked 
|  80|0x00000000e5000000, 0x00000000e5000000, 0x00000000e5100000|  0%| F|  |TAMS 0x00000000e5000000| PB 0x00000000e5000000| Untracked 
|  81|0x00000000e5100000, 0x00000000e5100000, 0x00000000e5200000|  0%| F|  |TAMS 0x00000000e5100000| PB 0x00000000e5100000| Untracked 
|  82|0x00000000e5200000, 0x00000000e5200000, 0x00000000e5300000|  0%| F|  |TAMS 0x00000000e5200000| PB 0x00000000e5200000| Untracked 
|  83|0x00000000e5300000, 0x00000000e5300000, 0x00000000e5400000|  0%| F|  |TAMS 0x00000000e5300000| PB 0x00000000e5300000| Untracked 
|  84|0x00000000e5400000, 0x00000000e5400000, 0x00000000e5500000|  0%| F|  |TAMS 0x00000000e5400000| PB 0x00000000e5400000| Untracked 
|  85|0x00000000e5500000, 0x00000000e5500000, 0x00000000e5600000|  0%| F|  |TAMS 0x00000000e5500000| PB 0x00000000e5500000| Untracked 
|  86|0x00000000e5600000, 0x00000000e5600000, 0x00000000e5700000|  0%| F|  |TAMS 0x00000000e5600000| PB 0x00000000e5600000| Untracked 
|  87|0x00000000e5700000, 0x00000000e5769258, 0x00000000e5800000| 41%| S|CS|TAMS 0x00000000e5700000| PB 0x00000000e5700000| Complete 
|  88|0x00000000e5800000, 0x00000000e5900000, 0x00000000e5900000|100%| S|CS|TAMS 0x00000000e5800000| PB 0x00000000e5800000| Complete 
|  89|0x00000000e5900000, 0x00000000e5a00000, 0x00000000e5a00000|100%| S|CS|TAMS 0x00000000e5900000| PB 0x00000000e5900000| Complete 
|  90|0x00000000e5a00000, 0x00000000e5b00000, 0x00000000e5b00000|100%| S|CS|TAMS 0x00000000e5a00000| PB 0x00000000e5a00000| Complete 
|  91|0x00000000e5b00000, 0x00000000e5c00000, 0x00000000e5c00000|100%| S|CS|TAMS 0x00000000e5b00000| PB 0x00000000e5b00000| Complete 
|  92|0x00000000e5c00000, 0x00000000e5d00000, 0x00000000e5d00000|100%| S|CS|TAMS 0x00000000e5c00000| PB 0x00000000e5c00000| Complete 
|  93|0x00000000e5d00000, 0x00000000e5e00000, 0x00000000e5e00000|100%| S|CS|TAMS 0x00000000e5d00000| PB 0x00000000e5d00000| Complete 
|  94|0x00000000e5e00000, 0x00000000e5f00000, 0x00000000e5f00000|100%| S|CS|TAMS 0x00000000e5e00000| PB 0x00000000e5e00000| Complete 
|  95|0x00000000e5f00000, 0x00000000e6000000, 0x00000000e6000000|100%| S|CS|TAMS 0x00000000e5f00000| PB 0x00000000e5f00000| Complete 
|  96|0x00000000e6000000, 0x00000000e6100000, 0x00000000e6100000|100%| S|CS|TAMS 0x00000000e6000000| PB 0x00000000e6000000| Complete 
|  97|0x00000000e6100000, 0x00000000e6200000, 0x00000000e6200000|100%| S|CS|TAMS 0x00000000e6100000| PB 0x00000000e6100000| Complete 
|  98|0x00000000e6200000, 0x00000000e6300000, 0x00000000e6300000|100%| S|CS|TAMS 0x00000000e6200000| PB 0x00000000e6200000| Complete 
|  99|0x00000000e6300000, 0x00000000e6400000, 0x00000000e6400000|100%| S|CS|TAMS 0x00000000e6300000| PB 0x00000000e6300000| Complete 
| 100|0x00000000e6400000, 0x00000000e6500000, 0x00000000e6500000|100%| S|CS|TAMS 0x00000000e6400000| PB 0x00000000e6400000| Complete 
| 101|0x00000000e6500000, 0x00000000e6600000, 0x00000000e6600000|100%| S|CS|TAMS 0x00000000e6500000| PB 0x00000000e6500000| Complete 
| 102|0x00000000e6600000, 0x00000000e6700000, 0x00000000e6700000|100%| S|CS|TAMS 0x00000000e6600000| PB 0x00000000e6600000| Complete 
| 103|0x00000000e6700000, 0x00000000e6700000, 0x00000000e6800000|  0%| F|  |TAMS 0x00000000e6700000| PB 0x00000000e6700000| Untracked 
| 104|0x00000000e6800000, 0x00000000e6800000, 0x00000000e6900000|  0%| F|  |TAMS 0x00000000e6800000| PB 0x00000000e6800000| Untracked 
| 105|0x00000000e6900000, 0x00000000e6900000, 0x00000000e6a00000|  0%| F|  |TAMS 0x00000000e6900000| PB 0x00000000e6900000| Untracked 
| 106|0x00000000e6a00000, 0x00000000e6a00000, 0x00000000e6b00000|  0%| F|  |TAMS 0x00000000e6a00000| PB 0x00000000e6a00000| Untracked 
| 107|0x00000000e6b00000, 0x00000000e6b00000, 0x00000000e6c00000|  0%| F|  |TAMS 0x00000000e6b00000| PB 0x00000000e6b00000| Untracked 
| 108|0x00000000e6c00000, 0x00000000e6c00000, 0x00000000e6d00000|  0%| F|  |TAMS 0x00000000e6c00000| PB 0x00000000e6c00000| Untracked 
| 109|0x00000000e6d00000, 0x00000000e6d00000, 0x00000000e6e00000|  0%| F|  |TAMS 0x00000000e6d00000| PB 0x00000000e6d00000| Untracked 
| 110|0x00000000e6e00000, 0x00000000e6e00000, 0x00000000e6f00000|  0%| F|  |TAMS 0x00000000e6e00000| PB 0x00000000e6e00000| Untracked 
| 111|0x00000000e6f00000, 0x00000000e6f00000, 0x00000000e7000000|  0%| F|  |TAMS 0x00000000e6f00000| PB 0x00000000e6f00000| Untracked 
| 112|0x00000000e7000000, 0x00000000e7000000, 0x00000000e7100000|  0%| F|  |TAMS 0x00000000e7000000| PB 0x00000000e7000000| Untracked 
| 113|0x00000000e7100000, 0x00000000e7100000, 0x00000000e7200000|  0%| F|  |TAMS 0x00000000e7100000| PB 0x00000000e7100000| Untracked 
| 114|0x00000000e7200000, 0x00000000e7200000, 0x00000000e7300000|  0%| F|  |TAMS 0x00000000e7200000| PB 0x00000000e7200000| Untracked 
| 115|0x00000000e7300000, 0x00000000e7300000, 0x00000000e7400000|  0%| F|  |TAMS 0x00000000e7300000| PB 0x00000000e7300000| Untracked 
| 116|0x00000000e7400000, 0x00000000e7400000, 0x00000000e7500000|  0%| F|  |TAMS 0x00000000e7400000| PB 0x00000000e7400000| Untracked 
| 117|0x00000000e7500000, 0x00000000e7500000, 0x00000000e7600000|  0%| F|  |TAMS 0x00000000e7500000| PB 0x00000000e7500000| Untracked 
| 118|0x00000000e7600000, 0x00000000e7600000, 0x00000000e7700000|  0%| F|  |TAMS 0x00000000e7600000| PB 0x00000000e7600000| Untracked 
| 119|0x00000000e7700000, 0x00000000e7700000, 0x00000000e7800000|  0%| F|  |TAMS 0x00000000e7700000| PB 0x00000000e7700000| Untracked 
| 120|0x00000000e7800000, 0x00000000e7800000, 0x00000000e7900000|  0%| F|  |TAMS 0x00000000e7800000| PB 0x00000000e7800000| Untracked 
| 121|0x00000000e7900000, 0x00000000e7900000, 0x00000000e7a00000|  0%| F|  |TAMS 0x00000000e7900000| PB 0x00000000e7900000| Untracked 
| 122|0x00000000e7a00000, 0x00000000e7a00000, 0x00000000e7b00000|  0%| F|  |TAMS 0x00000000e7a00000| PB 0x00000000e7a00000| Untracked 
| 123|0x00000000e7b00000, 0x00000000e7b00000, 0x00000000e7c00000|  0%| F|  |TAMS 0x00000000e7b00000| PB 0x00000000e7b00000| Untracked 
| 124|0x00000000e7c00000, 0x00000000e7c00000, 0x00000000e7d00000|  0%| F|  |TAMS 0x00000000e7c00000| PB 0x00000000e7c00000| Untracked 
| 125|0x00000000e7d00000, 0x00000000e7dcee40, 0x00000000e7e00000| 80%| E|  |TAMS 0x00000000e7d00000| PB 0x00000000e7d00000| Complete 
| 126|0x00000000e7e00000, 0x00000000e7f00000, 0x00000000e7f00000|100%| E|CS|TAMS 0x00000000e7e00000| PB 0x00000000e7e00000| Complete 
| 127|0x00000000e7f00000, 0x00000000e8000000, 0x00000000e8000000|100%| E|CS|TAMS 0x00000000e7f00000| PB 0x00000000e7f00000| Complete 
| 128|0x00000000e8000000, 0x00000000e8100000, 0x00000000e8100000|100%| E|CS|TAMS 0x00000000e8000000| PB 0x00000000e8000000| Complete 
| 129|0x00000000e8100000, 0x00000000e8200000, 0x00000000e8200000|100%| E|CS|TAMS 0x00000000e8100000| PB 0x00000000e8100000| Complete 
| 130|0x00000000e8200000, 0x00000000e8300000, 0x00000000e8300000|100%| E|CS|TAMS 0x00000000e8200000| PB 0x00000000e8200000| Complete 
| 131|0x00000000e8300000, 0x00000000e8400000, 0x00000000e8400000|100%| E|CS|TAMS 0x00000000e8300000| PB 0x00000000e8300000| Complete 
| 132|0x00000000e8400000, 0x00000000e8500000, 0x00000000e8500000|100%| E|CS|TAMS 0x00000000e8400000| PB 0x00000000e8400000| Complete 
| 133|0x00000000e8500000, 0x00000000e8600000, 0x00000000e8600000|100%| E|CS|TAMS 0x00000000e8500000| PB 0x00000000e8500000| Complete 
| 134|0x00000000e8600000, 0x00000000e8700000, 0x00000000e8700000|100%| E|CS|TAMS 0x00000000e8600000| PB 0x00000000e8600000| Complete 
| 135|0x00000000e8700000, 0x00000000e8800000, 0x00000000e8800000|100%| E|CS|TAMS 0x00000000e8700000| PB 0x00000000e8700000| Complete 
| 136|0x00000000e8800000, 0x00000000e8900000, 0x00000000e8900000|100%| E|CS|TAMS 0x00000000e8800000| PB 0x00000000e8800000| Complete 
| 137|0x00000000e8900000, 0x00000000e8a00000, 0x00000000e8a00000|100%| E|CS|TAMS 0x00000000e8900000| PB 0x00000000e8900000| Complete 
| 138|0x00000000e8a00000, 0x00000000e8b00000, 0x00000000e8b00000|100%| E|CS|TAMS 0x00000000e8a00000| PB 0x00000000e8a00000| Complete 
| 139|0x00000000e8b00000, 0x00000000e8c00000, 0x00000000e8c00000|100%| E|CS|TAMS 0x00000000e8b00000| PB 0x00000000e8b00000| Complete 
| 140|0x00000000e8c00000, 0x00000000e8d00000, 0x00000000e8d00000|100%| E|CS|TAMS 0x00000000e8c00000| PB 0x00000000e8c00000| Complete 
| 141|0x00000000e8d00000, 0x00000000e8e00000, 0x00000000e8e00000|100%| E|CS|TAMS 0x00000000e8d00000| PB 0x00000000e8d00000| Complete 
| 142|0x00000000e8e00000, 0x00000000e8f00000, 0x00000000e8f00000|100%| E|CS|TAMS 0x00000000e8e00000| PB 0x00000000e8e00000| Complete 
| 143|0x00000000e8f00000, 0x00000000e9000000, 0x00000000e9000000|100%| E|CS|TAMS 0x00000000e8f00000| PB 0x00000000e8f00000| Complete 
| 144|0x00000000e9000000, 0x00000000e9100000, 0x00000000e9100000|100%| E|CS|TAMS 0x00000000e9000000| PB 0x00000000e9000000| Complete 
| 145|0x00000000e9100000, 0x00000000e9200000, 0x00000000e9200000|100%| E|CS|TAMS 0x00000000e9100000| PB 0x00000000e9100000| Complete 
| 146|0x00000000e9200000, 0x00000000e9300000, 0x00000000e9300000|100%| E|CS|TAMS 0x00000000e9200000| PB 0x00000000e9200000| Complete 
| 147|0x00000000e9300000, 0x00000000e9400000, 0x00000000e9400000|100%| E|CS|TAMS 0x00000000e9300000| PB 0x00000000e9300000| Complete 
| 148|0x00000000e9400000, 0x00000000e9500000, 0x00000000e9500000|100%| E|CS|TAMS 0x00000000e9400000| PB 0x00000000e9400000| Complete 
| 149|0x00000000e9500000, 0x00000000e9600000, 0x00000000e9600000|100%| E|CS|TAMS 0x00000000e9500000| PB 0x00000000e9500000| Complete 
| 150|0x00000000e9600000, 0x00000000e9700000, 0x00000000e9700000|100%| E|CS|TAMS 0x00000000e9600000| PB 0x00000000e9600000| Complete 
| 151|0x00000000e9700000, 0x00000000e9800000, 0x00000000e9800000|100%| E|CS|TAMS 0x00000000e9700000| PB 0x00000000e9700000| Complete 
| 152|0x00000000e9800000, 0x00000000e9900000, 0x00000000e9900000|100%| E|CS|TAMS 0x00000000e9800000| PB 0x00000000e9800000| Complete 
| 153|0x00000000e9900000, 0x00000000e9a00000, 0x00000000e9a00000|100%| E|CS|TAMS 0x00000000e9900000| PB 0x00000000e9900000| Complete 
| 154|0x00000000e9a00000, 0x00000000e9b00000, 0x00000000e9b00000|100%| E|CS|TAMS 0x00000000e9a00000| PB 0x00000000e9a00000| Complete 
| 155|0x00000000e9b00000, 0x00000000e9c00000, 0x00000000e9c00000|100%| E|CS|TAMS 0x00000000e9b00000| PB 0x00000000e9b00000| Complete 
| 156|0x00000000e9c00000, 0x00000000e9d00000, 0x00000000e9d00000|100%| E|CS|TAMS 0x00000000e9c00000| PB 0x00000000e9c00000| Complete 
| 157|0x00000000e9d00000, 0x00000000e9e00000, 0x00000000e9e00000|100%| E|CS|TAMS 0x00000000e9d00000| PB 0x00000000e9d00000| Complete 
| 158|0x00000000e9e00000, 0x00000000e9f00000, 0x00000000e9f00000|100%| E|CS|TAMS 0x00000000e9e00000| PB 0x00000000e9e00000| Complete 
| 159|0x00000000e9f00000, 0x00000000ea000000, 0x00000000ea000000|100%| E|CS|TAMS 0x00000000e9f00000| PB 0x00000000e9f00000| Complete 
| 160|0x00000000ea000000, 0x00000000ea100000, 0x00000000ea100000|100%| E|CS|TAMS 0x00000000ea000000| PB 0x00000000ea000000| Complete 
| 161|0x00000000ea100000, 0x00000000ea200000, 0x00000000ea200000|100%| E|CS|TAMS 0x00000000ea100000| PB 0x00000000ea100000| Complete 
| 162|0x00000000ea200000, 0x00000000ea300000, 0x00000000ea300000|100%| E|CS|TAMS 0x00000000ea200000| PB 0x00000000ea200000| Complete 
| 163|0x00000000ea300000, 0x00000000ea400000, 0x00000000ea400000|100%| E|CS|TAMS 0x00000000ea300000| PB 0x00000000ea300000| Complete 
| 164|0x00000000ea400000, 0x00000000ea500000, 0x00000000ea500000|100%| E|CS|TAMS 0x00000000ea400000| PB 0x00000000ea400000| Complete 
| 165|0x00000000ea500000, 0x00000000ea600000, 0x00000000ea600000|100%| E|CS|TAMS 0x00000000ea500000| PB 0x00000000ea500000| Complete 
| 166|0x00000000ea600000, 0x00000000ea700000, 0x00000000ea700000|100%| E|CS|TAMS 0x00000000ea600000| PB 0x00000000ea600000| Complete 
| 167|0x00000000ea700000, 0x00000000ea800000, 0x00000000ea800000|100%| E|CS|TAMS 0x00000000ea700000| PB 0x00000000ea700000| Complete 
| 168|0x00000000ea800000, 0x00000000ea900000, 0x00000000ea900000|100%| E|CS|TAMS 0x00000000ea800000| PB 0x00000000ea800000| Complete 
| 169|0x00000000ea900000, 0x00000000eaa00000, 0x00000000eaa00000|100%| E|CS|TAMS 0x00000000ea900000| PB 0x00000000ea900000| Complete 
| 170|0x00000000eaa00000, 0x00000000eab00000, 0x00000000eab00000|100%| E|CS|TAMS 0x00000000eaa00000| PB 0x00000000eaa00000| Complete 
| 171|0x00000000eab00000, 0x00000000eac00000, 0x00000000eac00000|100%| E|CS|TAMS 0x00000000eab00000| PB 0x00000000eab00000| Complete 
| 172|0x00000000eac00000, 0x00000000ead00000, 0x00000000ead00000|100%| E|CS|TAMS 0x00000000eac00000| PB 0x00000000eac00000| Complete 
| 173|0x00000000ead00000, 0x00000000eae00000, 0x00000000eae00000|100%| E|CS|TAMS 0x00000000ead00000| PB 0x00000000ead00000| Complete 
| 174|0x00000000eae00000, 0x00000000eaf00000, 0x00000000eaf00000|100%| E|CS|TAMS 0x00000000eae00000| PB 0x00000000eae00000| Complete 
| 175|0x00000000eaf00000, 0x00000000eb000000, 0x00000000eb000000|100%| E|CS|TAMS 0x00000000eaf00000| PB 0x00000000eaf00000| Complete 
| 176|0x00000000eb000000, 0x00000000eb100000, 0x00000000eb100000|100%| E|CS|TAMS 0x00000000eb000000| PB 0x00000000eb000000| Complete 
| 177|0x00000000eb100000, 0x00000000eb200000, 0x00000000eb200000|100%| E|CS|TAMS 0x00000000eb100000| PB 0x00000000eb100000| Complete 
| 178|0x00000000eb200000, 0x00000000eb300000, 0x00000000eb300000|100%| E|CS|TAMS 0x00000000eb200000| PB 0x00000000eb200000| Complete 
| 179|0x00000000eb300000, 0x00000000eb400000, 0x00000000eb400000|100%| E|CS|TAMS 0x00000000eb300000| PB 0x00000000eb300000| Complete 
| 180|0x00000000eb400000, 0x00000000eb500000, 0x00000000eb500000|100%| E|CS|TAMS 0x00000000eb400000| PB 0x00000000eb400000| Complete 
| 181|0x00000000eb500000, 0x00000000eb600000, 0x00000000eb600000|100%| E|CS|TAMS 0x00000000eb500000| PB 0x00000000eb500000| Complete 
| 182|0x00000000eb600000, 0x00000000eb700000, 0x00000000eb700000|100%| E|  |TAMS 0x00000000eb600000| PB 0x00000000eb600000| Complete 
| 183|0x00000000eb700000, 0x00000000eb800000, 0x00000000eb800000|100%| E|CS|TAMS 0x00000000eb700000| PB 0x00000000eb700000| Complete 
| 184|0x00000000eb800000, 0x00000000eb900000, 0x00000000eb900000|100%| E|CS|TAMS 0x00000000eb800000| PB 0x00000000eb800000| Complete 
| 185|0x00000000eb900000, 0x00000000eba00000, 0x00000000eba00000|100%| E|CS|TAMS 0x00000000eb900000| PB 0x00000000eb900000| Complete 
| 186|0x00000000eba00000, 0x00000000ebb00000, 0x00000000ebb00000|100%| E|CS|TAMS 0x00000000eba00000| PB 0x00000000eba00000| Complete 
| 187|0x00000000ebb00000, 0x00000000ebc00000, 0x00000000ebc00000|100%| E|CS|TAMS 0x00000000ebb00000| PB 0x00000000ebb00000| Complete 
| 188|0x00000000ebc00000, 0x00000000ebd00000, 0x00000000ebd00000|100%| E|CS|TAMS 0x00000000ebc00000| PB 0x00000000ebc00000| Complete 
| 189|0x00000000ebd00000, 0x00000000ebe00000, 0x00000000ebe00000|100%| E|CS|TAMS 0x00000000ebd00000| PB 0x00000000ebd00000| Complete 
| 190|0x00000000ebe00000, 0x00000000ebf00000, 0x00000000ebf00000|100%| E|CS|TAMS 0x00000000ebe00000| PB 0x00000000ebe00000| Complete 
| 191|0x00000000ebf00000, 0x00000000ec000000, 0x00000000ec000000|100%| E|CS|TAMS 0x00000000ebf00000| PB 0x00000000ebf00000| Complete 
| 192|0x00000000ec000000, 0x00000000ec100000, 0x00000000ec100000|100%| E|CS|TAMS 0x00000000ec000000| PB 0x00000000ec000000| Complete 
| 193|0x00000000ec100000, 0x00000000ec200000, 0x00000000ec200000|100%| E|CS|TAMS 0x00000000ec100000| PB 0x00000000ec100000| Complete 
| 194|0x00000000ec200000, 0x00000000ec300000, 0x00000000ec300000|100%| E|CS|TAMS 0x00000000ec200000| PB 0x00000000ec200000| Complete 
| 195|0x00000000ec300000, 0x00000000ec400000, 0x00000000ec400000|100%| E|CS|TAMS 0x00000000ec300000| PB 0x00000000ec300000| Complete 
| 196|0x00000000ec400000, 0x00000000ec500000, 0x00000000ec500000|100%| E|CS|TAMS 0x00000000ec400000| PB 0x00000000ec400000| Complete 
| 197|0x00000000ec500000, 0x00000000ec600000, 0x00000000ec600000|100%| E|CS|TAMS 0x00000000ec500000| PB 0x00000000ec500000| Complete 
| 198|0x00000000ec600000, 0x00000000ec700000, 0x00000000ec700000|100%| E|CS|TAMS 0x00000000ec600000| PB 0x00000000ec600000| Complete 
| 199|0x00000000ec700000, 0x00000000ec800000, 0x00000000ec800000|100%| E|CS|TAMS 0x00000000ec700000| PB 0x00000000ec700000| Complete 
| 200|0x00000000ec800000, 0x00000000ec900000, 0x00000000ec900000|100%| E|CS|TAMS 0x00000000ec800000| PB 0x00000000ec800000| Complete 
| 201|0x00000000ec900000, 0x00000000eca00000, 0x00000000eca00000|100%| E|CS|TAMS 0x00000000ec900000| PB 0x00000000ec900000| Complete 
| 202|0x00000000eca00000, 0x00000000ecb00000, 0x00000000ecb00000|100%| E|CS|TAMS 0x00000000eca00000| PB 0x00000000eca00000| Complete 
| 203|0x00000000ecb00000, 0x00000000ecc00000, 0x00000000ecc00000|100%| E|CS|TAMS 0x00000000ecb00000| PB 0x00000000ecb00000| Complete 
| 204|0x00000000ecc00000, 0x00000000ecd00000, 0x00000000ecd00000|100%| E|CS|TAMS 0x00000000ecc00000| PB 0x00000000ecc00000| Complete 
| 205|0x00000000ecd00000, 0x00000000ece00000, 0x00000000ece00000|100%| E|CS|TAMS 0x00000000ecd00000| PB 0x00000000ecd00000| Complete 
| 206|0x00000000ece00000, 0x00000000ecf00000, 0x00000000ecf00000|100%| E|CS|TAMS 0x00000000ece00000| PB 0x00000000ece00000| Complete 
| 207|0x00000000ecf00000, 0x00000000ed000000, 0x00000000ed000000|100%| E|CS|TAMS 0x00000000ecf00000| PB 0x00000000ecf00000| Complete 
| 208|0x00000000ed000000, 0x00000000ed100000, 0x00000000ed100000|100%| E|CS|TAMS 0x00000000ed000000| PB 0x00000000ed000000| Complete 
| 209|0x00000000ed100000, 0x00000000ed200000, 0x00000000ed200000|100%| E|CS|TAMS 0x00000000ed100000| PB 0x00000000ed100000| Complete 
| 210|0x00000000ed200000, 0x00000000ed300000, 0x00000000ed300000|100%| E|CS|TAMS 0x00000000ed200000| PB 0x00000000ed200000| Complete 
| 211|0x00000000ed300000, 0x00000000ed400000, 0x00000000ed400000|100%| E|CS|TAMS 0x00000000ed300000| PB 0x00000000ed300000| Complete 
| 212|0x00000000ed400000, 0x00000000ed500000, 0x00000000ed500000|100%| E|CS|TAMS 0x00000000ed400000| PB 0x00000000ed400000| Complete 
| 213|0x00000000ed500000, 0x00000000ed600000, 0x00000000ed600000|100%| E|CS|TAMS 0x00000000ed500000| PB 0x00000000ed500000| Complete 
| 214|0x00000000ed600000, 0x00000000ed700000, 0x00000000ed700000|100%| E|CS|TAMS 0x00000000ed600000| PB 0x00000000ed600000| Complete 
| 215|0x00000000ed700000, 0x00000000ed800000, 0x00000000ed800000|100%| E|CS|TAMS 0x00000000ed700000| PB 0x00000000ed700000| Complete 
| 216|0x00000000ed800000, 0x00000000ed900000, 0x00000000ed900000|100%| E|CS|TAMS 0x00000000ed800000| PB 0x00000000ed800000| Complete 
| 217|0x00000000ed900000, 0x00000000eda00000, 0x00000000eda00000|100%| E|CS|TAMS 0x00000000ed900000| PB 0x00000000ed900000| Complete 
| 218|0x00000000eda00000, 0x00000000edb00000, 0x00000000edb00000|100%| E|CS|TAMS 0x00000000eda00000| PB 0x00000000eda00000| Complete 
| 219|0x00000000edb00000, 0x00000000edc00000, 0x00000000edc00000|100%| E|CS|TAMS 0x00000000edb00000| PB 0x00000000edb00000| Complete 
| 220|0x00000000edc00000, 0x00000000edd00000, 0x00000000edd00000|100%| E|CS|TAMS 0x00000000edc00000| PB 0x00000000edc00000| Complete 
| 221|0x00000000edd00000, 0x00000000ede00000, 0x00000000ede00000|100%| E|CS|TAMS 0x00000000edd00000| PB 0x00000000edd00000| Complete 
| 222|0x00000000ede00000, 0x00000000edf00000, 0x00000000edf00000|100%| E|CS|TAMS 0x00000000ede00000| PB 0x00000000ede00000| Complete 
| 223|0x00000000edf00000, 0x00000000ee000000, 0x00000000ee000000|100%| E|CS|TAMS 0x00000000edf00000| PB 0x00000000edf00000| Complete 
| 224|0x00000000ee000000, 0x00000000ee100000, 0x00000000ee100000|100%| E|CS|TAMS 0x00000000ee000000| PB 0x00000000ee000000| Complete 
| 225|0x00000000ee100000, 0x00000000ee200000, 0x00000000ee200000|100%| E|CS|TAMS 0x00000000ee100000| PB 0x00000000ee100000| Complete 
| 226|0x00000000ee200000, 0x00000000ee300000, 0x00000000ee300000|100%| E|CS|TAMS 0x00000000ee200000| PB 0x00000000ee200000| Complete 
| 227|0x00000000ee300000, 0x00000000ee400000, 0x00000000ee400000|100%| E|CS|TAMS 0x00000000ee300000| PB 0x00000000ee300000| Complete 
| 228|0x00000000ee400000, 0x00000000ee500000, 0x00000000ee500000|100%| E|CS|TAMS 0x00000000ee400000| PB 0x00000000ee400000| Complete 
| 229|0x00000000ee500000, 0x00000000ee600000, 0x00000000ee600000|100%| E|CS|TAMS 0x00000000ee500000| PB 0x00000000ee500000| Complete 
| 230|0x00000000ee600000, 0x00000000ee700000, 0x00000000ee700000|100%| E|CS|TAMS 0x00000000ee600000| PB 0x00000000ee600000| Complete 
| 231|0x00000000ee700000, 0x00000000ee800000, 0x00000000ee800000|100%| E|CS|TAMS 0x00000000ee700000| PB 0x00000000ee700000| Complete 
| 232|0x00000000ee800000, 0x00000000ee900000, 0x00000000ee900000|100%| E|CS|TAMS 0x00000000ee800000| PB 0x00000000ee800000| Complete 
| 233|0x00000000ee900000, 0x00000000eea00000, 0x00000000eea00000|100%| E|CS|TAMS 0x00000000ee900000| PB 0x00000000ee900000| Complete 
| 234|0x00000000eea00000, 0x00000000eeb00000, 0x00000000eeb00000|100%| E|CS|TAMS 0x00000000eea00000| PB 0x00000000eea00000| Complete 
| 235|0x00000000eeb00000, 0x00000000eec00000, 0x00000000eec00000|100%| E|CS|TAMS 0x00000000eeb00000| PB 0x00000000eeb00000| Complete 
| 236|0x00000000eec00000, 0x00000000eed00000, 0x00000000eed00000|100%| E|CS|TAMS 0x00000000eec00000| PB 0x00000000eec00000| Complete 
| 237|0x00000000eed00000, 0x00000000eee00000, 0x00000000eee00000|100%| E|CS|TAMS 0x00000000eed00000| PB 0x00000000eed00000| Complete 
| 238|0x00000000eee00000, 0x00000000eef00000, 0x00000000eef00000|100%| E|CS|TAMS 0x00000000eee00000| PB 0x00000000eee00000| Complete 
| 239|0x00000000eef00000, 0x00000000ef000000, 0x00000000ef000000|100%| E|CS|TAMS 0x00000000eef00000| PB 0x00000000eef00000| Complete 
| 240|0x00000000ef000000, 0x00000000ef100000, 0x00000000ef100000|100%| E|CS|TAMS 0x00000000ef000000| PB 0x00000000ef000000| Complete 
| 241|0x00000000ef100000, 0x00000000ef200000, 0x00000000ef200000|100%| E|CS|TAMS 0x00000000ef100000| PB 0x00000000ef100000| Complete 
| 242|0x00000000ef200000, 0x00000000ef300000, 0x00000000ef300000|100%| E|CS|TAMS 0x00000000ef200000| PB 0x00000000ef200000| Complete 
| 243|0x00000000ef300000, 0x00000000ef400000, 0x00000000ef400000|100%| E|CS|TAMS 0x00000000ef300000| PB 0x00000000ef300000| Complete 
| 244|0x00000000ef400000, 0x00000000ef500000, 0x00000000ef500000|100%| E|CS|TAMS 0x00000000ef400000| PB 0x00000000ef400000| Complete 
| 245|0x00000000ef500000, 0x00000000ef600000, 0x00000000ef600000|100%| E|CS|TAMS 0x00000000ef500000| PB 0x00000000ef500000| Complete 
| 246|0x00000000ef600000, 0x00000000ef700000, 0x00000000ef700000|100%| E|CS|TAMS 0x00000000ef600000| PB 0x00000000ef600000| Complete 
| 247|0x00000000ef700000, 0x00000000ef800000, 0x00000000ef800000|100%| E|CS|TAMS 0x00000000ef700000| PB 0x00000000ef700000| Complete 
| 248|0x00000000ef800000, 0x00000000ef900000, 0x00000000ef900000|100%| E|CS|TAMS 0x00000000ef800000| PB 0x00000000ef800000| Complete 
| 249|0x00000000ef900000, 0x00000000efa00000, 0x00000000efa00000|100%| E|CS|TAMS 0x00000000ef900000| PB 0x00000000ef900000| Complete 
| 250|0x00000000efa00000, 0x00000000efb00000, 0x00000000efb00000|100%| E|CS|TAMS 0x00000000efa00000| PB 0x00000000efa00000| Complete 
| 251|0x00000000efb00000, 0x00000000efc00000, 0x00000000efc00000|100%| E|CS|TAMS 0x00000000efb00000| PB 0x00000000efb00000| Complete 
| 252|0x00000000efc00000, 0x00000000efd00000, 0x00000000efd00000|100%| E|CS|TAMS 0x00000000efc00000| PB 0x00000000efc00000| Complete 
| 253|0x00000000efd00000, 0x00000000efe00000, 0x00000000efe00000|100%| E|CS|TAMS 0x00000000efd00000| PB 0x00000000efd00000| Complete 
| 254|0x00000000efe00000, 0x00000000eff00000, 0x00000000eff00000|100%| E|CS|TAMS 0x00000000efe00000| PB 0x00000000efe00000| Complete 
| 255|0x00000000eff00000, 0x00000000f0000000, 0x00000000f0000000|100%| E|CS|TAMS 0x00000000eff00000| PB 0x00000000eff00000| Complete 

Card table byte_map: [0x00000277ea430000,0x00000277ea530000] _byte_map_base: 0x00000277e9d30000

Marking Bits: (CMBitMap*) 0x00000277d2d8fc20
 Bits: [0x00000277ea530000, 0x00000277ead30000)

Polling page: 0x00000277d0c80000

Metaspace:

Usage:
  Non-class:     56.15 MB used.
      Class:      8.98 MB used.
       Both:     65.14 MB used.

Virtual space:
  Non-class space:       64.00 MB reserved,      57.06 MB ( 89%) committed,  1 nodes.
      Class space:      320.00 MB reserved,       9.94 MB (  3%) committed,  1 nodes.
             Both:      384.00 MB reserved,      67.00 MB ( 17%) committed. 

Chunk freelists:
   Non-Class:  6.44 MB
       Class:  6.05 MB
        Both:  12.49 MB

MaxMetaspaceSize: 384.00 MB
CompressedClassSpaceSize: 320.00 MB
Initial GC threshold: 21.00 MB
Current GC threshold: 101.06 MB
CDS: on
 - commit_granule_bytes: 65536.
 - commit_granule_words: 8192.
 - virtual_space_node_default_size: 8388608.
 - enlarge_chunks_in_place: 1.
 - use_allocation_guard: 0.


Internal statistics:

num_allocs_failed_limit: 21.
num_arena_births: 3360.
num_arena_deaths: 0.
num_vsnodes_births: 2.
num_vsnodes_deaths: 0.
num_space_committed: 1072.
num_space_uncommitted: 0.
num_chunks_returned_to_freelist: 21.
num_chunks_taken_from_freelist: 6445.
num_chunk_merges: 18.
num_chunk_splits: 4156.
num_chunks_enlarged: 2521.
num_inconsistent_stats: 0.

CodeHeap 'non-profiled nmethods': size=120000Kb used=7117Kb max_used=7117Kb free=112882Kb
 bounds [0x00000277e2f00000, 0x00000277e3600000, 0x00000277ea430000]
CodeHeap 'profiled nmethods': size=120000Kb used=22639Kb max_used=22639Kb free=97361Kb
 bounds [0x00000277db430000, 0x00000277dca50000, 0x00000277e2960000]
CodeHeap 'non-nmethods': size=5760Kb used=2778Kb max_used=2851Kb free=2981Kb
 bounds [0x00000277e2960000, 0x00000277e2c40000, 0x00000277e2f00000]
 total_blobs=12485 nmethods=11585 adapters=803
 compilation: enabled
              stopped_count=0, restarted_count=0
 full_count=0

Compilation events (20 events):
Event: 2844.543 Thread 0x00000277ed32b8d0 nmethod 12244 0x00000277e35f0f10 code [0x00000277e35f1080, 0x00000277e35f10f0]
Event: 2844.543 Thread 0x00000277ed32d380 12245   !   3       java.lang.Thread::exit (80 bytes)
Event: 2844.544 Thread 0x00000277ed32d380 nmethod 12245 0x00000277dca3c310 code [0x00000277dca3c540, 0x00000277dca3ceb8]
Event: 2844.544 Thread 0x00000277ed32d380 12246       3       java.lang.Thread::clearReferences (40 bytes)
Event: 2844.545 Thread 0x00000277ed32d380 nmethod 12246 0x00000277dca3d110 code [0x00000277dca3d2c0, 0x00000277dca3d5b0]
Event: 2844.556 Thread 0x00000277ed32d380 12247   !   3       java.util.concurrent.ThreadPoolExecutor::processWorkerExit (138 bytes)
Event: 2844.558 Thread 0x00000277ed32d380 nmethod 12247 0x00000277dca3d610 code [0x00000277dca3d8e0, 0x00000277dca3e9d8]
Event: 2871.901 Thread 0x00000277ed32d380 12248       3       org.gradle.internal.serialize.OutputStreamBackedEncoder::writeInt (9 bytes)
Event: 2871.903 Thread 0x00000277ed32d380 nmethod 12248 0x00000277dca3ef90 code [0x00000277dca3f1c0, 0x00000277dca3f980]
Event: 2871.905 Thread 0x00000277ed32b8d0 12249       4       java.text.DecimalFormat::subformatNumber (1173 bytes)
Event: 2871.906 Thread 0x00000277ed32d380 12250       3       java.util.Locale::getDefault (63 bytes)
Event: 2871.907 Thread 0x00000277ed32d380 nmethod 12250 0x00000277dca3fd10 code [0x00000277dca3ff40, 0x00000277dca40748]
Event: 2871.907 Thread 0x00000277ed32d380 12251   !   3       org.gradle.internal.logging.sink.OutputEventTransformer::invokeListener (28 bytes)
Event: 2871.907 Thread 0x00000277ed32d380 nmethod 12251 0x00000277dca40990 code [0x00000277dca40b40, 0x00000277dca40e18]
Event: 2871.908 Thread 0x00000277ed32d380 12252   !   3       org.apache.tools.ant.DirectoryScanner::getDefaultExcludes (29 bytes)
Event: 2871.910 Thread 0x00000277ed32d380 nmethod 12252 0x00000277dca40f90 code [0x00000277dca41180, 0x00000277dca41700]
Event: 2871.912 Thread 0x00000277ed32d380 12253       3       org.gradle.internal.service.scopes.AbstractPluginServiceRegistry::registerBuildServices (1 bytes)
Event: 2871.912 Thread 0x00000277ed32d380 nmethod 12253 0x00000277dca41910 code [0x00000277dca41aa0, 0x00000277dca41bb0]
Event: 2871.916 Thread 0x00000277ed32d380 12254       3       java.lang.invoke.LambdaForm$DMH/0x0000027781028000::invokeVirtual (24 bytes)
Event: 2871.917 Thread 0x00000277ed32d380 nmethod 12254 0x00000277dca41c90 code [0x00000277dca41e60, 0x00000277dca423a8]

GC Heap History (20 events):
Event: 2.351 GC heap before
{Heap before GC invocations=1 (full 0):
 garbage-first heap   total 262144K, used 22760K [0x00000000e0000000, 0x0000000100000000)
  region size 1024K, 18 young (18432K), 2 survivors (2048K)
 Metaspace       used 4054K, committed 4224K, reserved 393216K
  class space    used 502K, committed 576K, reserved 327680K
}
Event: 2.357 GC heap after
{Heap after GC invocations=2 (full 0):
 garbage-first heap   total 262144K, used 10948K [0x00000000e0000000, 0x0000000100000000)
  region size 1024K, 3 young (3072K), 3 survivors (3072K)
 Metaspace       used 4054K, committed 4224K, reserved 393216K
  class space    used 502K, committed 576K, reserved 327680K
}
Event: 2.806 GC heap before
{Heap before GC invocations=2 (full 0):
 garbage-first heap   total 262144K, used 32452K [0x00000000e0000000, 0x0000000100000000)
  region size 1024K, 24 young (24576K), 3 survivors (3072K)
 Metaspace       used 4170K, committed 4416K, reserved 393216K
  class space    used 503K, committed 640K, reserved 327680K
}
Event: 2.810 GC heap after
{Heap after GC invocations=3 (full 0):
 garbage-first heap   total 262144K, used 13332K [0x00000000e0000000, 0x0000000100000000)
  region size 1024K, 3 young (3072K), 3 survivors (3072K)
 Metaspace       used 4170K, committed 4416K, reserved 393216K
  class space    used 503K, committed 640K, reserved 327680K
}
Event: 6.618 GC heap before
{Heap before GC invocations=3 (full 0):
 garbage-first heap   total 262144K, used 112660K [0x00000000e0000000, 0x0000000100000000)
  region size 1024K, 101 young (103424K), 3 survivors (3072K)
 Metaspace       used 20745K, committed 21504K, reserved 393216K
  class space    used 3051K, committed 3392K, reserved 327680K
}
Event: 6.633 GC heap after
{Heap after GC invocations=4 (full 0):
 garbage-first heap   total 262144K, used 23189K [0x00000000e0000000, 0x0000000100000000)
  region size 1024K, 12 young (12288K), 12 survivors (12288K)
 Metaspace       used 20745K, committed 21504K, reserved 393216K
  class space    used 3051K, committed 3392K, reserved 327680K
}
Event: 9.268 GC heap before
{Heap before GC invocations=5 (full 0):
 garbage-first heap   total 262144K, used 122517K [0x00000000e0000000, 0x0000000100000000)
  region size 1024K, 110 young (112640K), 12 survivors (12288K)
 Metaspace       used 34009K, committed 35200K, reserved 393216K
  class space    used 4853K, committed 5440K, reserved 327680K
}
Event: 9.292 GC heap after
{Heap after GC invocations=6 (full 0):
 garbage-first heap   total 262144K, used 31597K [0x00000000e0000000, 0x0000000100000000)
  region size 1024K, 9 young (9216K), 9 survivors (9216K)
 Metaspace       used 34009K, committed 35200K, reserved 393216K
  class space    used 4853K, committed 5440K, reserved 327680K
}
Event: 9.387 GC heap before
{Heap before GC invocations=6 (full 0):
 garbage-first heap   total 262144K, used 38765K [0x00000000e0000000, 0x0000000100000000)
  region size 1024K, 13 young (13312K), 9 survivors (9216K)
 Metaspace       used 34811K, committed 35968K, reserved 393216K
  class space    used 4870K, committed 5440K, reserved 327680K
}
Event: 9.399 GC heap after
{Heap after GC invocations=7 (full 0):
 garbage-first heap   total 262144K, used 31232K [0x00000000e0000000, 0x0000000100000000)
  region size 1024K, 1 young (1024K), 1 survivors (1024K)
 Metaspace       used 34811K, committed 35968K, reserved 393216K
  class space    used 4870K, committed 5440K, reserved 327680K
}
Event: 9.433 GC heap before
{Heap before GC invocations=7 (full 0):
 garbage-first heap   total 262144K, used 32256K [0x00000000e0000000, 0x0000000100000000)
  region size 1024K, 3 young (3072K), 1 survivors (1024K)
 Metaspace       used 35083K, committed 36288K, reserved 393216K
  class space    used 4893K, committed 5504K, reserved 327680K
}
Event: 9.435 GC heap after
{Heap after GC invocations=8 (full 0):
 garbage-first heap   total 262144K, used 30781K [0x00000000e0000000, 0x0000000100000000)
  region size 1024K, 1 young (1024K), 1 survivors (1024K)
 Metaspace       used 35083K, committed 36288K, reserved 393216K
  class space    used 4893K, committed 5504K, reserved 327680K
}
Event: 14.096 GC heap before
{Heap before GC invocations=9 (full 0):
 garbage-first heap   total 262144K, used 170045K [0x00000000e0000000, 0x0000000100000000)
  region size 1024K, 136 young (139264K), 1 survivors (1024K)
 Metaspace       used 49055K, committed 50880K, reserved 393216K
  class space    used 7051K, committed 8000K, reserved 327680K
}
Event: 14.120 GC heap after
{Heap after GC invocations=10 (full 0):
 garbage-first heap   total 262144K, used 41767K [0x00000000e0000000, 0x0000000100000000)
  region size 1024K, 12 young (12288K), 12 survivors (12288K)
 Metaspace       used 49055K, committed 50880K, reserved 393216K
  class space    used 7051K, committed 8000K, reserved 327680K
}
Event: 17.283 GC heap before
{Heap before GC invocations=10 (full 0):
 garbage-first heap   total 262144K, used 113447K [0x00000000e0000000, 0x0000000100000000)
  region size 1024K, 83 young (84992K), 12 survivors (12288K)
 Metaspace       used 58950K, committed 60800K, reserved 393216K
  class space    used 8539K, committed 9472K, reserved 327680K
}
Event: 17.311 GC heap after
{Heap after GC invocations=11 (full 0):
 garbage-first heap   total 262144K, used 47880K [0x00000000e0000000, 0x0000000100000000)
  region size 1024K, 7 young (7168K), 7 survivors (7168K)
 Metaspace       used 58950K, committed 60800K, reserved 393216K
  class space    used 8539K, committed 9472K, reserved 327680K
}
Event: 17.352 GC heap before
{Heap before GC invocations=11 (full 0):
 garbage-first heap   total 262144K, used 48904K [0x00000000e0000000, 0x0000000100000000)
  region size 1024K, 9 young (9216K), 7 survivors (7168K)
 Metaspace       used 59284K, committed 61120K, reserved 393216K
  class space    used 8586K, committed 9472K, reserved 327680K
}
Event: 17.362 GC heap after
{Heap after GC invocations=12 (full 0):
 garbage-first heap   total 262144K, used 48486K [0x00000000e0000000, 0x0000000100000000)
  region size 1024K, 7 young (7168K), 7 survivors (7168K)
 Metaspace       used 59284K, committed 61120K, reserved 393216K
  class space    used 8586K, committed 9472K, reserved 327680K
}
Event: 1790.693 GC heap before
{Heap before GC invocations=13 (full 0):
 garbage-first heap   total 262144K, used 196966K [0x00000000e0000000, 0x0000000100000000)
  region size 1024K, 153 young (156672K), 7 survivors (7168K)
 Metaspace       used 65317K, committed 67200K, reserved 393216K
  class space    used 9175K, committed 10112K, reserved 327680K
}
Event: 1790.843 GC heap after
{Heap after GC invocations=14 (full 0):
 garbage-first heap   total 262144K, used 57099K [0x00000000e0000000, 0x0000000100000000)
  region size 1024K, 16 young (16384K), 16 survivors (16384K)
 Metaspace       used 65317K, committed 67200K, reserved 393216K
  class space    used 9175K, committed 10112K, reserved 327680K
}

Dll operation events (15 events):
Event: 0.073 Loaded shared library C:\Users\DELL\.jdks\corretto-21\bin\java.dll
Event: 0.249 Loaded shared library C:\Users\DELL\.jdks\corretto-21\bin\jsvml.dll
Event: 0.393 Loaded shared library C:\Users\DELL\.jdks\corretto-21\bin\zip.dll
Event: 0.400 Loaded shared library C:\Users\DELL\.jdks\corretto-21\bin\instrument.dll
Event: 0.410 Loaded shared library C:\Users\DELL\.jdks\corretto-21\bin\net.dll
Event: 0.412 Loaded shared library C:\Users\DELL\.jdks\corretto-21\bin\nio.dll
Event: 0.421 Loaded shared library C:\Users\DELL\.jdks\corretto-21\bin\zip.dll
Event: 0.954 Loaded shared library C:\Users\DELL\.jdks\corretto-21\bin\jimage.dll
Event: 1.090 Loaded shared library C:\Users\DELL\.jdks\corretto-21\bin\verify.dll
Event: 1.437 Loaded shared library C:\Users\DELL\.gradle\native\68d5fa5c4cc2d200863cafc0d521ce42e7d3e7ee720ec0a83991735586a16f82\windows-amd64\native-platform.dll
Event: 1.471 Loaded shared library C:\Users\DELL\.gradle\native\e376f236ea51e6404a007f0833ffe2c6e607c4080706a723a18a27aeea778392\windows-amd64\native-platform-file-events.dll
Event: 3.325 Loaded shared library C:\Users\DELL\.jdks\corretto-21\bin\management.dll
Event: 3.330 Loaded shared library C:\Users\DELL\.jdks\corretto-21\bin\management_ext.dll
Event: 3.706 Loaded shared library C:\Users\DELL\.jdks\corretto-21\bin\extnet.dll
Event: 4.058 Loaded shared library C:\Users\DELL\.jdks\corretto-21\bin\sunmscapi.dll

Deoptimization events (20 events):
Event: 2648.732 Thread 0x00000277f50201e0 Uncommon trap: trap_request=0xffffffd6 fr.pc=0x00000277e3594798 relative=0x00000000000003b8
Event: 2648.732 Thread 0x00000277f50201e0 Uncommon trap: reason=array_check action=maybe_recompile pc=0x00000277e3594798 method=java.util.AbstractCollection.toArray([Ljava/lang/Object;)[Ljava/lang/Object; @ 116 c2
Event: 2648.732 Thread 0x00000277f50201e0 DEOPT PACKING pc=0x00000277e3594798 sp=0x0000009dcd0f9a90
Event: 2648.732 Thread 0x00000277f50201e0 DEOPT UNPACKING pc=0x00000277e29b46a2 sp=0x0000009dcd0f9a30 mode 2
Event: 2648.732 Thread 0x00000277f50201e0 Uncommon trap: trap_request=0xffffffd6 fr.pc=0x00000277e3594798 relative=0x00000000000003b8
Event: 2648.732 Thread 0x00000277f50201e0 Uncommon trap: reason=array_check action=maybe_recompile pc=0x00000277e3594798 method=java.util.AbstractCollection.toArray([Ljava/lang/Object;)[Ljava/lang/Object; @ 116 c2
Event: 2648.732 Thread 0x00000277f50201e0 DEOPT PACKING pc=0x00000277e3594798 sp=0x0000009dcd0f9a90
Event: 2648.732 Thread 0x00000277f50201e0 DEOPT UNPACKING pc=0x00000277e29b46a2 sp=0x0000009dcd0f9a30 mode 2
Event: 2649.201 Thread 0x00000277f694be50 Uncommon trap: trap_request=0xfffffff4 fr.pc=0x00000277e35a159c relative=0x00000000000000fc
Event: 2649.201 Thread 0x00000277f694be50 Uncommon trap: reason=null_check action=make_not_entrant pc=0x00000277e35a159c method=org.gradle.tooling.internal.provider.runner.ClientBuildEventGenerator$Disabled.accept(Lorg/gradle/internal/operations/BuildOperationDescriptor;)Lorg/gradle/tooling/inter
Event: 2649.201 Thread 0x00000277f694be50 DEOPT PACKING pc=0x00000277e35a159c sp=0x0000009dcb7fafe0
Event: 2649.201 Thread 0x00000277f694be50 DEOPT UNPACKING pc=0x00000277e29b46a2 sp=0x0000009dcb7faf68 mode 2
Event: 2649.312 Thread 0x00000277f694be50 DEOPT PACKING pc=0x00000277dc43a80b sp=0x0000009dcb7fa120
Event: 2649.313 Thread 0x00000277f694be50 DEOPT UNPACKING pc=0x00000277e29b4e42 sp=0x0000009dcb7f9608 mode 0
Event: 2841.227 Thread 0x00000277f5256880 DEOPT PACKING pc=0x00000277db49972c sp=0x0000009dcb7fa410
Event: 2841.227 Thread 0x00000277f5256880 DEOPT UNPACKING pc=0x00000277e29b4e42 sp=0x0000009dcb7f98f8 mode 0
Event: 2871.925 Thread 0x00000277f5256880 Uncommon trap: trap_request=0xfffffff4 fr.pc=0x00000277e35eb118 relative=0x0000000000002db8
Event: 2871.925 Thread 0x00000277f5256880 Uncommon trap: reason=null_check action=make_not_entrant pc=0x00000277e35eb118 method=org.gradle.tooling.internal.provider.runner.ClientBuildEventGenerator$Enabled.accept(Lorg/gradle/internal/operations/BuildOperationDescriptor;)Lorg/gradle/tooling/intern
Event: 2871.925 Thread 0x00000277f5256880 DEOPT PACKING pc=0x00000277e35eb118 sp=0x0000009dcb7faf80
Event: 2871.925 Thread 0x00000277f5256880 DEOPT UNPACKING pc=0x00000277e29b46a2 sp=0x0000009dcb7faee8 mode 2

Classes loaded (20 events):
Event: 2597.594 Loading class java/io/ObjectInputStream$HandleTable
Event: 2597.598 Loading class java/io/ObjectInputStream$HandleTable done
Event: 2597.598 Loading class java/io/ObjectInputStream$HandleTable$HandleList
Event: 2597.599 Loading class java/io/ObjectInputStream$HandleTable$HandleList done
Event: 2597.599 Loading class java/io/ObjectInputStream$ValidationList
Event: 2597.600 Loading class java/io/ObjectInputStream$ValidationList done
Event: 2597.600 Loading class java/io/ObjectInputFilter$Config
Event: 2597.606 Loading class java/io/ObjectInputFilter$Config done
Event: 2597.607 Loading class java/io/ObjectInputFilter
Event: 2597.607 Loading class java/io/ObjectInputFilter done
Event: 2597.628 Loading class java/io/ObjectInputFilter$Config$BuiltinFilterFactory
Event: 2597.629 Loading class java/io/ObjectInputFilter$Config$BuiltinFilterFactory done
Event: 2597.629 Loading class jdk/internal/access/JavaObjectInputFilterAccess
Event: 2597.629 Loading class jdk/internal/access/JavaObjectInputFilterAccess done
Event: 2597.632 Loading class jdk/internal/event/DeserializationEvent
Event: 2597.634 Loading class jdk/internal/event/DeserializationEvent done
Event: 2597.649 Loading class java/io/ObjectInputStream$FieldValues
Event: 2597.654 Loading class java/io/ObjectInputStream$GetField
Event: 2597.654 Loading class java/io/ObjectInputStream$GetField done
Event: 2597.654 Loading class java/io/ObjectInputStream$FieldValues done

Classes unloaded (0 events):
No events

Classes redefined (0 events):
No events

Internal exceptions (20 events):
Event: 2648.394 Thread 0x00000277f694be50 Exception <a 'sun/nio/fs/WindowsException'{0x00000000ea2fe3c0}> (0x00000000ea2fe3c0) 
thrown [s\src\hotspot\share\prims\jni.cpp, line 520]
Event: 2648.394 Thread 0x00000277f694be50 Exception <a 'sun/nio/fs/WindowsException'{0x00000000ea2ff870}> (0x00000000ea2ff870) 
thrown [s\src\hotspot\share\prims\jni.cpp, line 520]
Event: 2648.781 Thread 0x00000277f50201e0 Exception <a 'sun/nio/fs/WindowsException'{0x00000000e9d2ea48}> (0x00000000e9d2ea48) 
thrown [s\src\hotspot\share\prims\jni.cpp, line 520]
Event: 2649.201 Thread 0x00000277f694be50 Implicit null exception at 0x00000277e35a14e9 to 0x00000277e35a1590
Event: 2649.240 Thread 0x00000277f694be50 Exception <a 'sun/nio/fs/WindowsException'{0x00000000e9a1ef90}> (0x00000000e9a1ef90) 
thrown [s\src\hotspot\share\prims\jni.cpp, line 520]
Event: 2649.241 Thread 0x00000277f694be50 Exception <a 'sun/nio/fs/WindowsException'{0x00000000e9a20458}> (0x00000000e9a20458) 
thrown [s\src\hotspot\share\prims\jni.cpp, line 520]
Event: 2649.242 Thread 0x00000277f694be50 Exception <a 'sun/nio/fs/WindowsException'{0x00000000e9a21918}> (0x00000000e9a21918) 
thrown [s\src\hotspot\share\prims\jni.cpp, line 520]
Event: 2649.242 Thread 0x00000277f694be50 Exception <a 'sun/nio/fs/WindowsException'{0x00000000e9a23020}> (0x00000000e9a23020) 
thrown [s\src\hotspot\share\prims\jni.cpp, line 520]
Event: 2649.618 Thread 0x00000277f5019250 Exception <a 'sun/nio/fs/WindowsException'{0x00000000e96de1f0}> (0x00000000e96de1f0) 
thrown [s\src\hotspot\share\prims\jni.cpp, line 520]
Event: 2841.182 Thread 0x00000277f5256880 Exception <a 'sun/nio/fs/WindowsException'{0x00000000e8e9cfe0}> (0x00000000e8e9cfe0) 
thrown [s\src\hotspot\share\prims\jni.cpp, line 520]
Event: 2841.182 Thread 0x00000277f5256880 Exception <a 'sun/nio/fs/WindowsException'{0x00000000e8e9e4a8}> (0x00000000e8e9e4a8) 
thrown [s\src\hotspot\share\prims\jni.cpp, line 520]
Event: 2841.183 Thread 0x00000277f5256880 Exception <a 'sun/nio/fs/WindowsException'{0x00000000e8e9f968}> (0x00000000e8e9f968) 
thrown [s\src\hotspot\share\prims\jni.cpp, line 520]
Event: 2841.184 Thread 0x00000277f5256880 Exception <a 'sun/nio/fs/WindowsException'{0x00000000e8ea0e18}> (0x00000000e8ea0e18) 
thrown [s\src\hotspot\share\prims\jni.cpp, line 520]
Event: 2841.503 Thread 0x00000277f501c040 Exception <a 'sun/nio/fs/WindowsException'{0x00000000e8924a50}> (0x00000000e8924a50) 
thrown [s\src\hotspot\share\prims\jni.cpp, line 520]
Event: 2842.005 Thread 0x00000277f5256880 Exception <a 'sun/nio/fs/WindowsException'{0x00000000e87f6ea8}> (0x00000000e87f6ea8) 
thrown [s\src\hotspot\share\prims\jni.cpp, line 520]
Event: 2842.006 Thread 0x00000277f5256880 Exception <a 'sun/nio/fs/WindowsException'{0x00000000e87f8370}> (0x00000000e87f8370) 
thrown [s\src\hotspot\share\prims\jni.cpp, line 520]
Event: 2842.006 Thread 0x00000277f5256880 Exception <a 'sun/nio/fs/WindowsException'{0x00000000e87f9830}> (0x00000000e87f9830) 
thrown [s\src\hotspot\share\prims\jni.cpp, line 520]
Event: 2842.007 Thread 0x00000277f5256880 Exception <a 'sun/nio/fs/WindowsException'{0x00000000e87face0}> (0x00000000e87face0) 
thrown [s\src\hotspot\share\prims\jni.cpp, line 520]
Event: 2842.268 Thread 0x00000277f501c6d0 Exception <a 'sun/nio/fs/WindowsException'{0x00000000e82dc2e8}> (0x00000000e82dc2e8) 
thrown [s\src\hotspot\share\prims\jni.cpp, line 520]
Event: 2871.925 Thread 0x00000277f5256880 Implicit null exception at 0x00000277e35e885a to 0x00000277e35eb0f8

ZGC Phase Switch (0 events):
No events

VM Operations (20 events):
Event: 2649.018 Executing VM operation: Cleanup
Event: 2649.018 Executing VM operation: Cleanup done
Event: 2650.027 Executing VM operation: Cleanup
Event: 2650.027 Executing VM operation: Cleanup done
Event: 2652.044 Executing VM operation: Cleanup
Event: 2652.044 Executing VM operation: Cleanup done
Event: 2654.055 Executing VM operation: Cleanup
Event: 2654.055 Executing VM operation: Cleanup done
Event: 2672.234 Executing VM operation: Cleanup
Event: 2672.234 Executing VM operation: Cleanup done
Event: 2705.242 Executing VM operation: HandshakeAllThreads (HandshakeForDeflation)
Event: 2705.242 Executing VM operation: HandshakeAllThreads (HandshakeForDeflation) done
Event: 2705.242 Executing VM operation: RendezvousGCThreads
Event: 2705.242 Executing VM operation: RendezvousGCThreads done
Event: 2841.567 Executing VM operation: Cleanup
Event: 2841.567 Executing VM operation: Cleanup done
Event: 2842.580 Executing VM operation: Cleanup
Event: 2842.580 Executing VM operation: Cleanup done
Event: 2844.587 Executing VM operation: Cleanup
Event: 2844.587 Executing VM operation: Cleanup done

Events (20 events):
Event: 2844.510 Thread 0x00000277f501b320 Thread exited: 0x00000277f501b320
Event: 2844.511 Thread 0x00000277f501cd60 Thread exited: 0x00000277f501cd60
Event: 2844.526 Thread 0x00000277f694aaa0 Thread added: 0x00000277f694aaa0
Event: 2844.531 Thread 0x00000277f501b9b0 Thread exited: 0x00000277f501b9b0
Event: 2844.533 Thread 0x00000277f694aaa0 Thread exited: 0x00000277f694aaa0
Event: 2844.538 Thread 0x00000277f50201e0 Thread exited: 0x00000277f50201e0
Event: 2844.543 Thread 0x00000277f694cb70 Thread exited: 0x00000277f694cb70
Event: 2844.543 Thread 0x00000277f69496f0 Thread exited: 0x00000277f69496f0
Event: 2844.544 Thread 0x00000277f694a410 Thread exited: 0x00000277f694a410
Event: 2844.546 Thread 0x00000277f501a600 Thread exited: 0x00000277f501a600
Event: 2844.556 Thread 0x00000277f501ee30 Thread exited: 0x00000277f501ee30
Event: 2844.556 Thread 0x00000277f501e7a0 Thread exited: 0x00000277f501e7a0
Event: 2844.571 Thread 0x00000277f501e110 Thread exited: 0x00000277f501e110
Event: 2844.584 Thread 0x00000277f5018bc0 Thread exited: 0x00000277f5018bc0
Event: 2844.584 Thread 0x00000277f50198e0 Thread exited: 0x00000277f50198e0
Event: 2871.894 Thread 0x00000277f6949d80 Thread added: 0x00000277f6949d80
Event: 2871.898 Thread 0x00000277f694a410 Thread added: 0x00000277f694a410
Event: 2871.905 Thread 0x00000277f694cb70 Thread added: 0x00000277f694cb70
Event: 2871.906 Thread 0x00000277f69496f0 Thread added: 0x00000277f69496f0
Event: 2871.907 Thread 0x00000277f694be50 Thread added: 0x00000277f694be50


Dynamic libraries:
0x00007ff76def0000 - 0x00007ff76defe000 	C:\Users\DELL\.jdks\corretto-21\bin\java.exe
0x00007ffe7f010000 - 0x00007ffe7f208000 	C:\Windows\SYSTEM32\ntdll.dll
0x00007ffe7e970000 - 0x00007ffe7ea2d000 	C:\Windows\System32\KERNEL32.DLL
0x00007ffe7ca60000 - 0x00007ffe7cd2e000 	C:\Windows\System32\KERNELBASE.dll
0x00007ffe7cdc0000 - 0x00007ffe7cec0000 	C:\Windows\System32\ucrtbase.dll
0x00007ffe6e290000 - 0x00007ffe6e2a8000 	C:\Users\DELL\.jdks\corretto-21\bin\jli.dll
0x00007ffe7d720000 - 0x00007ffe7d8c0000 	C:\Windows\System32\USER32.dll
0x00007ffe7c960000 - 0x00007ffe7c982000 	C:\Windows\System32\win32u.dll
0x00007ffe7da80000 - 0x00007ffe7daaa000 	C:\Windows\System32\GDI32.dll
0x00007ffe7c730000 - 0x00007ffe7c83b000 	C:\Windows\System32\gdi32full.dll
0x00007ffe7c9c0000 - 0x00007ffe7ca5d000 	C:\Windows\System32\msvcp_win.dll
0x00007ffe6e270000 - 0x00007ffe6e28b000 	C:\Users\DELL\.jdks\corretto-21\bin\VCRUNTIME140.dll
0x00007ffe6d4d0000 - 0x00007ffe6d76a000 	C:\Windows\WinSxS\amd64_microsoft.windows.common-controls_6595b64144ccf1df_6.0.19041.1110_none_60b5254171f9507e\COMCTL32.dll
0x00007ffe7dbd0000 - 0x00007ffe7dc6e000 	C:\Windows\System32\msvcrt.dll
0x00007ffe7ea30000 - 0x00007ffe7ea60000 	C:\Windows\System32\IMM32.DLL
0x00007ffe798b0000 - 0x00007ffe798bc000 	C:\Users\DELL\.jdks\corretto-21\bin\vcruntime140_1.dll
0x00007ffe5aa60000 - 0x00007ffe5aaed000 	C:\Users\DELL\.jdks\corretto-21\bin\msvcp140.dll
0x00007ffe2f450000 - 0x00007ffe301dc000 	C:\Users\DELL\.jdks\corretto-21\bin\server\jvm.dll
0x00007ffe7ece0000 - 0x00007ffe7ed8e000 	C:\Windows\System32\ADVAPI32.dll
0x00007ffe7ea60000 - 0x00007ffe7eafc000 	C:\Windows\System32\sechost.dll
0x00007ffe7ee40000 - 0x00007ffe7ef65000 	C:\Windows\System32\RPCRT4.dll
0x00007ffe7dc70000 - 0x00007ffe7dcdb000 	C:\Windows\System32\WS2_32.dll
0x00007ffe7bcb0000 - 0x00007ffe7bcfb000 	C:\Windows\SYSTEM32\POWRPROF.dll
0x00007ffe6af10000 - 0x00007ffe6af37000 	C:\Windows\SYSTEM32\WINMM.dll
0x00007ffe73160000 - 0x00007ffe7316a000 	C:\Windows\SYSTEM32\VERSION.dll
0x00007ffe7bb70000 - 0x00007ffe7bb82000 	C:\Windows\SYSTEM32\UMPDC.dll
0x00007ffe7afb0000 - 0x00007ffe7afc2000 	C:\Windows\SYSTEM32\kernel.appcore.dll
0x00007ffe77210000 - 0x00007ffe7721a000 	C:\Users\DELL\.jdks\corretto-21\bin\jimage.dll
0x00007ffe7acc0000 - 0x00007ffe7aea4000 	C:\Windows\SYSTEM32\DBGHELP.DLL
0x00007ffe67810000 - 0x00007ffe6783c000 	C:\Windows\SYSTEM32\dbgcore.DLL
0x00007ffe7cd30000 - 0x00007ffe7cdb2000 	C:\Windows\System32\bcryptPrimitives.dll
0x00007ffe77ae0000 - 0x00007ffe77aee000 	C:\Users\DELL\.jdks\corretto-21\bin\instrument.dll
0x00007ffe771f0000 - 0x00007ffe7720f000 	C:\Users\DELL\.jdks\corretto-21\bin\java.dll
0x00007ffe7dce0000 - 0x00007ffe7e423000 	C:\Windows\System32\SHELL32.dll
0x00007ffe7a450000 - 0x00007ffe7abe5000 	C:\Windows\SYSTEM32\windows.storage.dll
0x00007ffe7e5a0000 - 0x00007ffe7e8f4000 	C:\Windows\System32\combase.dll
0x00007ffe7c190000 - 0x00007ffe7c1c0000 	C:\Windows\SYSTEM32\Wldp.dll
0x00007ffe7ec30000 - 0x00007ffe7ecdd000 	C:\Windows\System32\SHCORE.dll
0x00007ffe7d220000 - 0x00007ffe7d275000 	C:\Windows\System32\shlwapi.dll
0x00007ffe7c670000 - 0x00007ffe7c68f000 	C:\Windows\SYSTEM32\profapi.dll
0x00007ffe5ab30000 - 0x00007ffe5ac07000 	C:\Users\DELL\.jdks\corretto-21\bin\jsvml.dll
0x00007ffe6e2c0000 - 0x00007ffe6e2d8000 	C:\Users\DELL\.jdks\corretto-21\bin\zip.dll
0x00007ffe761f0000 - 0x00007ffe76200000 	C:\Users\DELL\.jdks\corretto-21\bin\net.dll
0x00007ffe6c920000 - 0x00007ffe6ca2a000 	C:\Windows\SYSTEM32\WINHTTP.dll
0x00007ffe7bef0000 - 0x00007ffe7bf5a000 	C:\Windows\system32\mswsock.dll
0x00007ffe75370000 - 0x00007ffe75386000 	C:\Users\DELL\.jdks\corretto-21\bin\nio.dll
0x00007ffe6e2b0000 - 0x00007ffe6e2c0000 	C:\Users\DELL\.jdks\corretto-21\bin\verify.dll
0x00007ffe6c340000 - 0x00007ffe6c367000 	C:\Users\DELL\.gradle\native\68d5fa5c4cc2d200863cafc0d521ce42e7d3e7ee720ec0a83991735586a16f82\windows-amd64\native-platform.dll
0x00007ffe5c3d0000 - 0x00007ffe5c514000 	C:\Users\DELL\.gradle\native\e376f236ea51e6404a007f0833ffe2c6e607c4080706a723a18a27aeea778392\windows-amd64\native-platform-file-events.dll
0x00007ffe77ad0000 - 0x00007ffe77ad9000 	C:\Users\DELL\.jdks\corretto-21\bin\management.dll
0x00007ffe77a70000 - 0x00007ffe77a7b000 	C:\Users\DELL\.jdks\corretto-21\bin\management_ext.dll
0x00007ffe7e960000 - 0x00007ffe7e968000 	C:\Windows\System32\PSAPI.DLL
0x00007ffe7c0e0000 - 0x00007ffe7c0f8000 	C:\Windows\SYSTEM32\CRYPTSP.dll
0x00007ffe7b800000 - 0x00007ffe7b834000 	C:\Windows\system32\rsaenh.dll
0x00007ffe7c990000 - 0x00007ffe7c9b7000 	C:\Windows\System32\bcrypt.dll
0x00007ffe7c5f0000 - 0x00007ffe7c61e000 	C:\Windows\SYSTEM32\USERENV.dll
0x00007ffe7c100000 - 0x00007ffe7c10c000 	C:\Windows\SYSTEM32\CRYPTBASE.dll
0x00007ffe7bb90000 - 0x00007ffe7bbcb000 	C:\Windows\SYSTEM32\IPHLPAPI.DLL
0x00007ffe7d710000 - 0x00007ffe7d718000 	C:\Windows\System32\NSI.dll
0x00007ffe75790000 - 0x00007ffe75797000 	C:\Users\DELL\.jdks\corretto-21\bin\extnet.dll
0x00007ffe77a40000 - 0x00007ffe77a4e000 	C:\Users\DELL\.jdks\corretto-21\bin\sunmscapi.dll
0x00007ffe7cf10000 - 0x00007ffe7d066000 	C:\Windows\System32\CRYPT32.dll
0x00007ffe7c200000 - 0x00007ffe7c227000 	C:\Windows\SYSTEM32\ncrypt.dll
0x00007ffe7c1c0000 - 0x00007ffe7c1fb000 	C:\Windows\SYSTEM32\NTASN1.dll
0x00007ffe76200000 - 0x00007ffe76207000 	C:\Windows\system32\wshunix.dll

dbghelp: loaded successfully - version: 4.0.5 - missing functions: none
symbol engine: initialized successfully - sym options: 0x614 - pdb path: .;C:\Users\DELL\.jdks\corretto-21\bin;C:\Windows\SYSTEM32;C:\Windows\WinSxS\amd64_microsoft.windows.common-controls_6595b64144ccf1df_6.0.19041.1110_none_60b5254171f9507e;C:\Users\DELL\.jdks\corretto-21\bin\server;C:\Users\DELL\.gradle\native\68d5fa5c4cc2d200863cafc0d521ce42e7d3e7ee720ec0a83991735586a16f82\windows-amd64;C:\Users\DELL\.gradle\native\e376f236ea51e6404a007f0833ffe2c6e607c4080706a723a18a27aeea778392\windows-amd64

VM Arguments:
jvm_args: --add-opens=java.base/java.util=ALL-UNNAMED --add-opens=java.base/java.lang=ALL-UNNAMED --add-opens=java.base/java.lang.invoke=ALL-UNNAMED --add-opens=java.prefs/java.util.prefs=ALL-UNNAMED --add-opens=java.base/java.nio.charset=ALL-UNNAMED --add-opens=java.base/java.net=ALL-UNNAMED --add-opens=java.base/java.util.concurrent.atomic=ALL-UNNAMED -XX:MaxMetaspaceSize=384m -XX:+HeapDumpOnOutOfMemoryError -Xms256m -Xmx512m -Dfile.encoding=windows-1252 -Duser.country=US -Duser.language=en -Duser.variant -javaagent:C:\Users\DELL\.gradle\wrapper\dists\gradle-8.2-bin\bbg7u40eoinfdyxsxr3z4i7ta\gradle-8.2\lib\agents\gradle-instrumentation-agent-8.2.jar 
java_command: org.gradle.launcher.daemon.bootstrap.GradleDaemon 8.2
java_class_path (initial): C:\Users\DELL\.gradle\wrapper\dists\gradle-8.2-bin\bbg7u40eoinfdyxsxr3z4i7ta\gradle-8.2\lib\gradle-launcher-8.2.jar
Launcher Type: SUN_STANDARD

[Global flags]
     intx CICompilerCount                          = 3                                         {product} {ergonomic}
   size_t CompressedClassSpaceSize                 = 335544320                                 {product} {ergonomic}
     uint ConcGCThreads                            = 1                                         {product} {ergonomic}
     uint G1ConcRefinementThreads                  = 4                                         {product} {ergonomic}
   size_t G1HeapRegionSize                         = 1048576                                   {product} {ergonomic}
    uintx GCDrainStackTargetSize                   = 64                                        {product} {ergonomic}
     bool HeapDumpOnOutOfMemoryError               = true                                   {manageable} {command line}
   size_t InitialHeapSize                          = 268435456                                 {product} {command line}
   size_t MarkStackSize                            = 4194304                                   {product} {ergonomic}
   size_t MaxHeapSize                              = 536870912                                 {product} {command line}
   size_t MaxMetaspaceSize                         = 402653184                                 {product} {command line}
   size_t MaxNewSize                               = 321912832                                 {product} {ergonomic}
   size_t MinHeapDeltaBytes                        = 1048576                                   {product} {ergonomic}
   size_t MinHeapSize                              = 268435456                                 {product} {command line}
    uintx NonNMethodCodeHeapSize                   = 5832780                                {pd product} {ergonomic}
    uintx NonProfiledCodeHeapSize                  = 122912730                              {pd product} {ergonomic}
    uintx ProfiledCodeHeapSize                     = 122912730                              {pd product} {ergonomic}
    uintx ReservedCodeCacheSize                    = 251658240                              {pd product} {ergonomic}
     bool SegmentedCodeCache                       = true                                      {product} {ergonomic}
   size_t SoftMaxHeapSize                          = 536870912                              {manageable} {ergonomic}
     bool UseCompressedOops                        = true                           {product lp64_product} {ergonomic}
     bool UseG1GC                                  = true                                      {product} {ergonomic}
     bool UseLargePagesIndividualAllocation        = false                                  {pd product} {ergonomic}

Logging:
Log output configuration:
 #0: stdout all=warning uptime,level,tags foldmultilines=false
 #1: stderr all=off uptime,level,tags foldmultilines=false

Environment Variables:
PATH=C:\Program Files (x86)\Common Files\Oracle\Java\javapath;C:\Windows\system32;C:\Windows;C:\Windows\System32\Wbem;C:\Windows\System32\WindowsPowerShell\v1.0\;C:\Windows\System32\OpenSSH\;C:\Program Files\Git\cmd;C:\Program Files\nodejs\;C:\Program Files\MySQL\MySQL Shell 8.0\bin\;C:\Users\DELL\AppData\Local\Microsoft\WindowsApps;C:\Users\DELL\AppData\Roaming\npm;C:\Users\DELL\AppData\Local\Programs\Microsoft VS Code\bin
USERNAME=DELL
OS=Windows_NT
PROCESSOR_IDENTIFIER=Intel64 Family 6 Model 61 Stepping 4, GenuineIntel
TMP=C:\Users\DELL\AppData\Local\Temp
TEMP=C:\Users\DELL\AppData\Local\Temp




---------------  S Y S T E M  ---------------

OS:
 Windows 10 , 64 bit Build 19041 (10.0.19041.1889)
OS uptime: 1 days 18:11 hours

CPU: total 4 (initial active 4) (2 cores per cpu, 2 threads per core) family 6 model 61 stepping 4 microcode 0x2d, cx8, cmov, fxsr, ht, mmx, 3dnowpref, sse, sse2, sse3, ssse3, sse4.1, sse4.2, popcnt, lzcnt, tsc, tscinvbit, avx, avx2, aes, erms, clmul, bmi1, bmi2, rtm, adx, fma, vzeroupper, clflush, rdtscp, f16c
Processor Information for all 4 processors :
  Max Mhz: 2301, Current Mhz: 2301, Mhz Limit: 2301

Memory: 4k page, system-wide physical 8071M (727M free)
TotalPageFile size 24116M (AvailPageFile size 1M)
current process WorkingSet (physical memory assigned to process): 184M, peak: 395M
current process commit charge ("private bytes"): 487M, peak: 504M

vm_info: OpenJDK 64-Bit Server VM (21+35-LTS) for windows-amd64 JRE (21+35-LTS), built on 2023-08-24T04:17:31Z by "Administrator" with MS VC++ 16.10 / 16.11 (VS2019)

END.
